x:\newhdd\games\game development\c++\projects3\namelessenginerepo\namelessengine\namelessengine\release\vc141.pdb
x:\newhdd\games\game development\c++\projects3\namelessenginerepo\namelessengine\namelessengine\release\worldspace.obj
x:\newhdd\games\game development\c++\projects3\namelessenginerepo\namelessengine\namelessengine\release\gamemanager.obj
x:\newhdd\games\game development\c++\projects3\namelessenginerepo\namelessengine\namelessengine\release\transform.obj
x:\newhdd\games\game development\c++\projects3\namelessenginerepo\namelessengine\namelessengine\release\textureloader.obj
x:\newhdd\games\game development\c++\projects3\namelessenginerepo\namelessengine\namelessengine\release\skyboxobj.obj
x:\newhdd\games\game development\c++\projects3\namelessenginerepo\namelessengine\namelessengine\release\nl_time.obj
x:\newhdd\games\game development\c++\projects3\namelessenginerepo\namelessengine\namelessengine\release\shaderwizard.obj
x:\newhdd\games\game development\c++\projects3\namelessenginerepo\namelessengine\namelessengine\release\shaderobj.obj
x:\newhdd\games\game development\c++\projects3\namelessenginerepo\namelessengine\namelessengine\release\objfilereader.obj
x:\newhdd\games\game development\c++\projects3\namelessenginerepo\namelessengine\namelessengine\release\mtlfilereader.obj
x:\newhdd\games\game development\c++\projects3\namelessenginerepo\namelessengine\namelessengine\release\meshrenderer.obj
x:\newhdd\games\game development\c++\projects3\namelessenginerepo\namelessengine\namelessengine\release\meshobj.obj
x:\newhdd\games\game development\c++\projects3\namelessenginerepo\namelessengine\namelessengine\release\materialobj.obj
x:\newhdd\games\game development\c++\projects3\namelessenginerepo\namelessengine\namelessengine\release\main.obj
x:\newhdd\games\game development\c++\projects3\namelessenginerepo\namelessengine\namelessengine\release\lightobject.obj
x:\newhdd\games\game development\c++\projects3\namelessenginerepo\namelessengine\namelessengine\release\glerror.obj
x:\newhdd\games\game development\c++\projects3\namelessenginerepo\namelessengine\namelessengine\release\gameobject.obj
x:\newhdd\games\game development\c++\projects3\namelessenginerepo\namelessengine\namelessengine\release\cameraobj.obj
x:\newhdd\games\game development\c++\projects3\namelessenginerepo\namelessengine\namelessengine\release\audiosource.obj
x:\newhdd\games\game development\c++\projects3\namelessenginerepo\namelessengine\namelessengine\release\uiimage.obj
x:\newhdd\games\game development\c++\projects3\namelessenginerepo\namelessengine\namelessengine\release\uicanvas.obj
x:\newhdd\games\game development\c++\projects3\namelessenginerepo\namelessengine\release\namelessengine.exe
x:\newhdd\games\game development\c++\projects3\namelessenginerepo\namelessengine\release\namelessengine.pdb
x:\newhdd\games\game development\c++\projects3\namelessenginerepo\namelessengine\release\namelessengine.ipdb
x:\newhdd\games\game development\c++\projects3\namelessenginerepo\namelessengine\release\namelessengine.iobj
x:\newhdd\games\game development\c++\projects3\namelessenginerepo\namelessengine\namelessengine\release\namelessengine.tlog\cl.command.1.tlog
x:\newhdd\games\game development\c++\projects3\namelessenginerepo\namelessengine\namelessengine\release\namelessengine.tlog\cl.read.1.tlog
x:\newhdd\games\game development\c++\projects3\namelessenginerepo\namelessengine\namelessengine\release\namelessengine.tlog\cl.write.1.tlog
x:\newhdd\games\game development\c++\projects3\namelessenginerepo\namelessengine\namelessengine\release\namelessengine.tlog\link.command.1.tlog
x:\newhdd\games\game development\c++\projects3\namelessenginerepo\namelessengine\namelessengine\release\namelessengine.tlog\link.read.1.tlog
x:\newhdd\games\game development\c++\projects3\namelessenginerepo\namelessengine\namelessengine\release\namelessengine.tlog\link.write.1.tlog
x:\newhdd\games\game development\c++\projects3\namelessenginerepo\namelessengine\namelessengine\release\namelessengine.tlog\namelessengine.write.1u.tlog
