  CameraObj.cpp
x:\newhdd\games\game development\c++\projects3\namelessenginerepo\namelessengine\namelessengine\namelesscore.h(258): warning C4244: 'argument': conversion from 'GLfloat' to 'GLsizei', possible loss of data
x:\newhdd\games\game development\c++\projects3\namelessenginerepo\namelessengine\namelessengine\namelesscore.h(258): warning C4244: 'argument': conversion from 'GLfloat' to 'GLint', possible loss of data
x:\newhdd\games\game development\c++\projects3\namelessenginerepo\namelessengine\namelessengine\cameraobj.cpp(9): warning C4244: '=': conversion from 'GLsizei' to 'float', possible loss of data
x:\newhdd\games\game development\c++\projects3\namelessenginerepo\namelessengine\namelessengine\cameraobj.cpp(10): warning C4244: '=': conversion from 'GLsizei' to 'float', possible loss of data
x:\newhdd\games\game development\c++\projects3\namelessenginerepo\namelessengine\namelessengine\cameraobj.cpp(11): warning C4244: '=': conversion from 'GLsizei' to 'float', possible loss of data
x:\newhdd\games\game development\c++\projects3\namelessenginerepo\namelessengine\namelessengine\cameraobj.cpp(12): warning C4244: '=': conversion from 'GLsizei' to 'float', possible loss of data
x:\newhdd\games\game development\c++\projects3\namelessenginerepo\namelessengine\namelessengine\cameraobj.cpp(112): warning C4244: 'argument': conversion from 'float' to 'GLsizei', possible loss of data
x:\newhdd\games\game development\c++\projects3\namelessenginerepo\namelessengine\namelessengine\cameraobj.cpp(111): warning C4244: 'argument': conversion from 'float' to 'GLsizei', possible loss of data
x:\newhdd\games\game development\c++\projects3\namelessenginerepo\namelessengine\namelessengine\cameraobj.cpp(136): warning C4244: 'argument': conversion from 'float' to 'GLsizei', possible loss of data
x:\newhdd\games\game development\c++\projects3\namelessenginerepo\namelessengine\namelessengine\cameraobj.cpp(135): warning C4244: 'argument': conversion from 'float' to 'GLsizei', possible loss of data
x:\newhdd\games\game development\c++\projects3\namelessenginerepo\namelessengine\namelessengine\cameraobj.cpp(183): warning C4244: 'argument': conversion from 'float' to 'GLsizei', possible loss of data
x:\newhdd\games\game development\c++\projects3\namelessenginerepo\namelessengine\namelessengine\cameraobj.cpp(182): warning C4244: 'argument': conversion from 'float' to 'GLsizei', possible loss of data
x:\newhdd\games\game development\c++\projects3\namelessenginerepo\namelessengine\namelessengine\cameraobj.cpp(201): warning C4244: 'argument': conversion from 'float' to 'GLsizei', possible loss of data
x:\newhdd\games\game development\c++\projects3\namelessenginerepo\namelessengine\namelessengine\cameraobj.cpp(200): warning C4244: 'argument': conversion from 'float' to 'GLsizei', possible loss of data
x:\newhdd\games\game development\c++\projects3\namelessenginerepo\namelessengine\namelessengine\cameraobj.cpp(271): warning C4244: 'argument': conversion from 'float' to 'GLsizei', possible loss of data
x:\newhdd\games\game development\c++\projects3\namelessenginerepo\namelessengine\namelessengine\cameraobj.cpp(270): warning C4244: 'argument': conversion from 'float' to 'GLsizei', possible loss of data
x:\newhdd\games\game development\c++\projects3\namelessenginerepo\namelessengine\namelessengine\cameraobj.cpp(295): warning C4244: 'argument': conversion from 'float' to 'GLsizei', possible loss of data
x:\newhdd\games\game development\c++\projects3\namelessenginerepo\namelessengine\namelessengine\cameraobj.cpp(294): warning C4244: 'argument': conversion from 'float' to 'GLsizei', possible loss of data
x:\newhdd\games\game development\c++\projects3\namelessenginerepo\namelessengine\namelessengine\cameraobj.cpp(348): warning C4244: 'argument': conversion from 'float' to 'GLsizei', possible loss of data
x:\newhdd\games\game development\c++\projects3\namelessenginerepo\namelessengine\namelessengine\cameraobj.cpp(347): warning C4244: 'argument': conversion from 'float' to 'GLsizei', possible loss of data
x:\newhdd\games\game development\c++\projects3\namelessenginerepo\namelessengine\namelessengine\cameraobj.cpp(406): warning C4244: 'argument': conversion from 'float' to 'GLsizei', possible loss of data
x:\newhdd\games\game development\c++\projects3\namelessenginerepo\namelessengine\namelessengine\cameraobj.cpp(405): warning C4244: 'argument': conversion from 'float' to 'GLsizei', possible loss of data
x:\newhdd\games\game development\c++\projects3\namelessenginerepo\namelessengine\namelessengine\cameraobj.cpp(404): warning C4244: 'argument': conversion from 'float' to 'GLint', possible loss of data
x:\newhdd\games\game development\c++\projects3\namelessenginerepo\namelessengine\namelessengine\cameraobj.cpp(403): warning C4244: 'argument': conversion from 'float' to 'GLint', possible loss of data
x:\newhdd\games\game development\c++\projects3\namelessenginerepo\namelessengine\namelessengine\cameraobj.cpp(436): warning C4244: 'argument': conversion from 'float' to 'GLint', possible loss of data
x:\newhdd\games\game development\c++\projects3\namelessenginerepo\namelessengine\namelessengine\cameraobj.cpp(435): warning C4244: 'argument': conversion from 'float' to 'GLint', possible loss of data
x:\newhdd\games\game development\c++\projects3\namelessenginerepo\namelessengine\namelessengine\cameraobj.cpp(434): warning C4244: 'argument': conversion from 'float' to 'GLint', possible loss of data
x:\newhdd\games\game development\c++\projects3\namelessenginerepo\namelessengine\namelessengine\cameraobj.cpp(433): warning C4244: 'argument': conversion from 'float' to 'GLint', possible loss of data
x:\newhdd\games\game development\c++\projects3\namelessenginerepo\namelessengine\namelessengine\cameraobj.cpp(432): warning C4244: 'argument': conversion from 'float' to 'GLint', possible loss of data
x:\newhdd\games\game development\c++\projects3\namelessenginerepo\namelessengine\namelessengine\cameraobj.cpp(431): warning C4244: 'argument': conversion from 'float' to 'GLint', possible loss of data
x:\newhdd\games\game development\c++\projects3\namelessenginerepo\namelessengine\namelessengine\cameraobj.cpp(430): warning C4244: 'argument': conversion from 'float' to 'GLint', possible loss of data
x:\newhdd\games\game development\c++\projects3\namelessenginerepo\namelessengine\namelessengine\cameraobj.cpp(429): warning C4244: 'argument': conversion from 'float' to 'GLint', possible loss of data
x:\newhdd\games\game development\c++\projects3\namelessenginerepo\namelessengine\namelessengine\cameraobj.cpp(508): warning C4244: 'argument': conversion from 'float' to 'GLint', possible loss of data
x:\newhdd\games\game development\c++\projects3\namelessenginerepo\namelessengine\namelessengine\cameraobj.cpp(507): warning C4244: 'argument': conversion from 'float' to 'GLint', possible loss of data
x:\newhdd\games\game development\c++\projects3\namelessenginerepo\namelessengine\namelessengine\cameraobj.cpp(506): warning C4244: 'argument': conversion from 'float' to 'GLint', possible loss of data
x:\newhdd\games\game development\c++\projects3\namelessenginerepo\namelessengine\namelessengine\cameraobj.cpp(505): warning C4244: 'argument': conversion from 'float' to 'GLint', possible loss of data
x:\newhdd\games\game development\c++\projects3\namelessenginerepo\namelessengine\namelessengine\cameraobj.cpp(504): warning C4244: 'argument': conversion from 'float' to 'GLint', possible loss of data
x:\newhdd\games\game development\c++\projects3\namelessenginerepo\namelessengine\namelessengine\cameraobj.cpp(503): warning C4244: 'argument': conversion from 'float' to 'GLint', possible loss of data
x:\newhdd\games\game development\c++\projects3\namelessenginerepo\namelessengine\namelessengine\cameraobj.cpp(502): warning C4244: 'argument': conversion from 'float' to 'GLint', possible loss of data
x:\newhdd\games\game development\c++\projects3\namelessenginerepo\namelessengine\namelessengine\cameraobj.cpp(501): warning C4244: 'argument': conversion from 'float' to 'GLint', possible loss of data
x:\newhdd\games\game development\c++\projects3\namelessenginerepo\namelessengine\namelessengine\cameraobj.cpp(518): warning C4018: '<': signed/unsigned mismatch
  Generating code
  0 of 1505 functions ( 0.0%) were compiled, the rest were copied from previous compilation.
    0 functions were new in current compilation
    0 functions had inline decision re-evaluated but remain unchanged
  Finished generating code
  NamelessEngine.vcxproj -> X:\NewHDD\Games\GAME DEVELOPMENT\C++\Projects3\NamelessEngineRepo\NamelessEngine\Release\NamelessEngine.exe
