  Animator.cpp
x:\newhdd\games\game development\c++\projects3\namelessengine-framework-alpha-0.6\namelessengine-framework-alpha-0.6\namelessengine\namelesscore.hpp(64): warning C4091: 'static ': ignored on left of 'const _NL::Core::GLSL_AU' when no variable is declared
x:\newhdd\games\game development\c++\projects3\namelessengine-framework-alpha-0.6\namelessengine-framework-alpha-0.6\namelessengine\namelesscore.hpp(271): warning C4244: 'argument': conversion from 'GLfloat' to 'GLsizei', possible loss of data
x:\newhdd\games\game development\c++\projects3\namelessengine-framework-alpha-0.6\namelessengine-framework-alpha-0.6\namelessengine\namelesscore.hpp(271): warning C4244: 'argument': conversion from 'GLfloat' to 'GLint', possible loss of data
  AudioSource.cpp
x:\newhdd\games\game development\c++\projects3\namelessengine-framework-alpha-0.6\namelessengine-framework-alpha-0.6\namelessengine\namelesscore.hpp(64): warning C4091: 'static ': ignored on left of 'const _NL::Core::GLSL_AU' when no variable is declared
x:\newhdd\games\game development\c++\projects3\namelessengine-framework-alpha-0.6\namelessengine-framework-alpha-0.6\namelessengine\namelesscore.hpp(271): warning C4244: 'argument': conversion from 'GLfloat' to 'GLsizei', possible loss of data
x:\newhdd\games\game development\c++\projects3\namelessengine-framework-alpha-0.6\namelessengine-framework-alpha-0.6\namelessengine\namelesscore.hpp(271): warning C4244: 'argument': conversion from 'GLfloat' to 'GLint', possible loss of data
  BOIDObject.cpp
x:\newhdd\games\game development\c++\projects3\namelessengine-framework-alpha-0.6\namelessengine-framework-alpha-0.6\namelessengine\namelesscore.hpp(64): warning C4091: 'static ': ignored on left of 'const _NL::Core::GLSL_AU' when no variable is declared
x:\newhdd\games\game development\c++\projects3\namelessengine-framework-alpha-0.6\namelessengine-framework-alpha-0.6\namelessengine\namelesscore.hpp(271): warning C4244: 'argument': conversion from 'GLfloat' to 'GLsizei', possible loss of data
x:\newhdd\games\game development\c++\projects3\namelessengine-framework-alpha-0.6\namelessengine-framework-alpha-0.6\namelessengine\namelesscore.hpp(271): warning C4244: 'argument': conversion from 'GLfloat' to 'GLint', possible loss of data
  CameraObj.cpp
x:\newhdd\games\game development\c++\projects3\namelessengine-framework-alpha-0.6\namelessengine-framework-alpha-0.6\namelessengine\namelesscore.hpp(64): warning C4091: 'static ': ignored on left of 'const _NL::Core::GLSL_AU' when no variable is declared
x:\newhdd\games\game development\c++\projects3\namelessengine-framework-alpha-0.6\namelessengine-framework-alpha-0.6\namelessengine\namelesscore.hpp(271): warning C4244: 'argument': conversion from 'GLfloat' to 'GLsizei', possible loss of data
x:\newhdd\games\game development\c++\projects3\namelessengine-framework-alpha-0.6\namelessengine-framework-alpha-0.6\namelessengine\namelesscore.hpp(271): warning C4244: 'argument': conversion from 'GLfloat' to 'GLint', possible loss of data
x:\newhdd\games\game development\c++\projects3\namelessengine-framework-alpha-0.6\namelessengine-framework-alpha-0.6\namelessengine\cameraobj.h(95): warning C4305: 'initializing': truncation from 'double' to 'GLfloat'
x:\newhdd\games\game development\c++\projects3\namelessengine-framework-alpha-0.6\namelessengine-framework-alpha-0.6\namelessengine\cameraobj.cpp(14): warning C4244: '=': conversion from 'GLsizei' to 'float', possible loss of data
x:\newhdd\games\game development\c++\projects3\namelessengine-framework-alpha-0.6\namelessengine-framework-alpha-0.6\namelessengine\cameraobj.cpp(15): warning C4244: '=': conversion from 'GLsizei' to 'float', possible loss of data
x:\newhdd\games\game development\c++\projects3\namelessengine-framework-alpha-0.6\namelessengine-framework-alpha-0.6\namelessengine\cameraobj.cpp(16): warning C4244: '=': conversion from 'GLsizei' to 'float', possible loss of data
x:\newhdd\games\game development\c++\projects3\namelessengine-framework-alpha-0.6\namelessengine-framework-alpha-0.6\namelessengine\cameraobj.cpp(17): warning C4244: '=': conversion from 'GLsizei' to 'float', possible loss of data
x:\newhdd\games\game development\c++\projects3\namelessengine-framework-alpha-0.6\namelessengine-framework-alpha-0.6\namelessengine\cameraobj.cpp(79): warning C4267: 'argument': conversion from 'size_t' to 'GLsizei', possible loss of data
x:\newhdd\games\game development\c++\projects3\namelessengine-framework-alpha-0.6\namelessengine-framework-alpha-0.6\namelessengine\cameraobj.cpp(129): warning C4244: 'argument': conversion from 'float' to 'GLsizei', possible loss of data
x:\newhdd\games\game development\c++\projects3\namelessengine-framework-alpha-0.6\namelessengine-framework-alpha-0.6\namelessengine\cameraobj.cpp(128): warning C4244: 'argument': conversion from 'float' to 'GLsizei', possible loss of data
x:\newhdd\games\game development\c++\projects3\namelessengine-framework-alpha-0.6\namelessengine-framework-alpha-0.6\namelessengine\cameraobj.cpp(180): warning C4244: 'argument': conversion from 'float' to 'GLsizei', possible loss of data
x:\newhdd\games\game development\c++\projects3\namelessengine-framework-alpha-0.6\namelessengine-framework-alpha-0.6\namelessengine\cameraobj.cpp(179): warning C4244: 'argument': conversion from 'float' to 'GLsizei', possible loss of data
x:\newhdd\games\game development\c++\projects3\namelessengine-framework-alpha-0.6\namelessengine-framework-alpha-0.6\namelessengine\cameraobj.cpp(417): warning C4244: 'argument': conversion from 'float' to 'GLsizei', possible loss of data
x:\newhdd\games\game development\c++\projects3\namelessengine-framework-alpha-0.6\namelessengine-framework-alpha-0.6\namelessengine\cameraobj.cpp(416): warning C4244: 'argument': conversion from 'float' to 'GLsizei', possible loss of data
x:\newhdd\games\game development\c++\projects3\namelessengine-framework-alpha-0.6\namelessengine-framework-alpha-0.6\namelessengine\cameraobj.cpp(470): warning C4244: 'argument': conversion from 'float' to 'GLsizei', possible loss of data
x:\newhdd\games\game development\c++\projects3\namelessengine-framework-alpha-0.6\namelessengine-framework-alpha-0.6\namelessengine\cameraobj.cpp(469): warning C4244: 'argument': conversion from 'float' to 'GLsizei', possible loss of data
x:\newhdd\games\game development\c++\projects3\namelessengine-framework-alpha-0.6\namelessengine-framework-alpha-0.6\namelessengine\cameraobj.cpp(523): warning C4018: '<': signed/unsigned mismatch
x:\newhdd\games\game development\c++\projects3\namelessengine-framework-alpha-0.6\namelessengine-framework-alpha-0.6\namelessengine\cameraobj.cpp(554): warning C4018: '<': signed/unsigned mismatch
x:\newhdd\games\game development\c++\projects3\namelessengine-framework-alpha-0.6\namelessengine-framework-alpha-0.6\namelessengine\cameraobj.cpp(611): warning C4244: 'argument': conversion from 'float' to 'GLint', possible loss of data
x:\newhdd\games\game development\c++\projects3\namelessengine-framework-alpha-0.6\namelessengine-framework-alpha-0.6\namelessengine\cameraobj.cpp(610): warning C4244: 'argument': conversion from 'float' to 'GLint', possible loss of data
x:\newhdd\games\game development\c++\projects3\namelessengine-framework-alpha-0.6\namelessengine-framework-alpha-0.6\namelessengine\cameraobj.cpp(609): warning C4244: 'argument': conversion from 'float' to 'GLint', possible loss of data
x:\newhdd\games\game development\c++\projects3\namelessengine-framework-alpha-0.6\namelessengine-framework-alpha-0.6\namelessengine\cameraobj.cpp(608): warning C4244: 'argument': conversion from 'float' to 'GLint', possible loss of data
x:\newhdd\games\game development\c++\projects3\namelessengine-framework-alpha-0.6\namelessengine-framework-alpha-0.6\namelessengine\cameraobj.cpp(607): warning C4244: 'argument': conversion from 'float' to 'GLint', possible loss of data
x:\newhdd\games\game development\c++\projects3\namelessengine-framework-alpha-0.6\namelessengine-framework-alpha-0.6\namelessengine\cameraobj.cpp(606): warning C4244: 'argument': conversion from 'float' to 'GLint', possible loss of data
x:\newhdd\games\game development\c++\projects3\namelessengine-framework-alpha-0.6\namelessengine-framework-alpha-0.6\namelessengine\cameraobj.cpp(605): warning C4244: 'argument': conversion from 'float' to 'GLint', possible loss of data
x:\newhdd\games\game development\c++\projects3\namelessengine-framework-alpha-0.6\namelessengine-framework-alpha-0.6\namelessengine\cameraobj.cpp(604): warning C4244: 'argument': conversion from 'float' to 'GLint', possible loss of data
  GameObject.cpp
x:\newhdd\games\game development\c++\projects3\namelessengine-framework-alpha-0.6\namelessengine-framework-alpha-0.6\namelessengine\namelesscore.hpp(64): warning C4091: 'static ': ignored on left of 'const _NL::Core::GLSL_AU' when no variable is declared
x:\newhdd\games\game development\c++\projects3\namelessengine-framework-alpha-0.6\namelessengine-framework-alpha-0.6\namelessengine\namelesscore.hpp(271): warning C4244: 'argument': conversion from 'GLfloat' to 'GLsizei', possible loss of data
x:\newhdd\games\game development\c++\projects3\namelessengine-framework-alpha-0.6\namelessengine-framework-alpha-0.6\namelessengine\namelesscore.hpp(271): warning C4244: 'argument': conversion from 'GLfloat' to 'GLint', possible loss of data
  GLError.cpp
  LightObject.cpp
x:\newhdd\games\game development\c++\projects3\namelessengine-framework-alpha-0.6\namelessengine-framework-alpha-0.6\namelessengine\namelesscore.hpp(64): warning C4091: 'static ': ignored on left of 'const _NL::Core::GLSL_AU' when no variable is declared
x:\newhdd\games\game development\c++\projects3\namelessengine-framework-alpha-0.6\namelessengine-framework-alpha-0.6\namelessengine\namelesscore.hpp(271): warning C4244: 'argument': conversion from 'GLfloat' to 'GLsizei', possible loss of data
x:\newhdd\games\game development\c++\projects3\namelessengine-framework-alpha-0.6\namelessengine-framework-alpha-0.6\namelessengine\namelesscore.hpp(271): warning C4244: 'argument': conversion from 'GLfloat' to 'GLint', possible loss of data
  Main.cpp
x:\newhdd\games\game development\c++\projects3\namelessengine-framework-alpha-0.6\namelessengine-framework-alpha-0.6\namelessengine\namelesscore.hpp(64): warning C4091: 'static ': ignored on left of 'const _NL::Core::GLSL_AU' when no variable is declared
x:\newhdd\games\game development\c++\projects3\namelessengine-framework-alpha-0.6\namelessengine-framework-alpha-0.6\namelessengine\namelesscore.hpp(271): warning C4244: 'argument': conversion from 'GLfloat' to 'GLsizei', possible loss of data
x:\newhdd\games\game development\c++\projects3\namelessengine-framework-alpha-0.6\namelessengine-framework-alpha-0.6\namelessengine\namelesscore.hpp(271): warning C4244: 'argument': conversion from 'GLfloat' to 'GLint', possible loss of data
x:\newhdd\games\game development\c++\projects3\namelessengine-framework-alpha-0.6\namelessengine-framework-alpha-0.6\namelessengine\cameraobj.h(95): warning C4305: 'initializing': truncation from 'double' to 'GLfloat'
x:\newhdd\games\game development\c++\projects3\namelessengine-framework-alpha-0.6\namelessengine-framework-alpha-0.6\namelessengine\worldspace.h(8): warning C4067: unexpected tokens following preprocessor directive - expected a newline
x:\newhdd\games\game development\c++\projects3\namelessengine-framework-alpha-0.6\namelessengine-framework-alpha-0.6\namelessengine\testscript.hpp(47): warning C4305: '-=': truncation from 'double' to 'GLfloat'
x:\newhdd\games\game development\c++\projects3\namelessengine-framework-alpha-0.6\namelessengine-framework-alpha-0.6\namelessengine\testscript.hpp(50): warning C4305: '+=': truncation from 'double' to 'GLfloat'
x:\newhdd\games\game development\c++\projects3\namelessengine-framework-alpha-0.6\namelessengine-framework-alpha-0.6\namelessengine\testscript.hpp(57): warning C4305: '-=': truncation from 'double' to 'GLfloat'
x:\newhdd\games\game development\c++\projects3\namelessengine-framework-alpha-0.6\namelessengine-framework-alpha-0.6\namelessengine\testscript.hpp(60): warning C4305: '+=': truncation from 'double' to 'GLfloat'
x:\newhdd\games\game development\c++\projects3\namelessengine-framework-alpha-0.6\namelessengine-framework-alpha-0.6\namelessengine\testscript.hpp(67): warning C4305: '-=': truncation from 'double' to 'GLfloat'
x:\newhdd\games\game development\c++\projects3\namelessengine-framework-alpha-0.6\namelessengine-framework-alpha-0.6\namelessengine\testscript.hpp(70): warning C4305: '+=': truncation from 'double' to 'GLfloat'
x:\newhdd\games\game development\c++\projects3\namelessengine-framework-alpha-0.6\namelessengine-framework-alpha-0.6\namelessengine\camcontroller.hpp(84): warning C4305: '+=': truncation from 'double' to 'GLfloat'
x:\newhdd\games\game development\c++\projects3\namelessengine-framework-alpha-0.6\namelessengine-framework-alpha-0.6\namelessengine\camcontroller.hpp(87): warning C4305: '+=': truncation from 'double' to 'GLfloat'
x:\newhdd\games\game development\c++\projects3\namelessengine-framework-alpha-0.6\namelessengine-framework-alpha-0.6\namelessengine\camcontroller.hpp(92): warning C4305: '-=': truncation from 'double' to 'GLfloat'
x:\newhdd\games\game development\c++\projects3\namelessengine-framework-alpha-0.6\namelessengine-framework-alpha-0.6\namelessengine\camcontroller.hpp(96): warning C4305: '-=': truncation from 'double' to 'GLfloat'
x:\newhdd\games\game development\c++\projects3\namelessengine-framework-alpha-0.6\namelessengine-framework-alpha-0.6\namelessengine\motionblurppe.hpp(30): warning C4244: 'argument': conversion from 'float' to 'GLsizei', possible loss of data
x:\newhdd\games\game development\c++\projects3\namelessengine-framework-alpha-0.6\namelessengine-framework-alpha-0.6\namelessengine\motionblurppe.hpp(29): warning C4244: 'argument': conversion from 'float' to 'GLsizei', possible loss of data
x:\newhdd\games\game development\c++\projects3\namelessengine-framework-alpha-0.6\namelessengine-framework-alpha-0.6\namelessengine\motionblurppe.hpp(50): warning C4244: 'argument': conversion from 'float' to 'GLsizei', possible loss of data
x:\newhdd\games\game development\c++\projects3\namelessengine-framework-alpha-0.6\namelessengine-framework-alpha-0.6\namelessengine\motionblurppe.hpp(49): warning C4244: 'argument': conversion from 'float' to 'GLsizei', possible loss of data
x:\newhdd\games\game development\c++\projects3\namelessengine-framework-alpha-0.6\namelessengine-framework-alpha-0.6\namelessengine\motionblurppe.hpp(105): warning C4244: 'argument': conversion from 'float' to 'GLint', possible loss of data
x:\newhdd\games\game development\c++\projects3\namelessengine-framework-alpha-0.6\namelessengine-framework-alpha-0.6\namelessengine\motionblurppe.hpp(104): warning C4244: 'argument': conversion from 'float' to 'GLint', possible loss of data
x:\newhdd\games\game development\c++\projects3\namelessengine-framework-alpha-0.6\namelessengine-framework-alpha-0.6\namelessengine\motionblurppe.hpp(103): warning C4244: 'argument': conversion from 'float' to 'GLint', possible loss of data
x:\newhdd\games\game development\c++\projects3\namelessengine-framework-alpha-0.6\namelessengine-framework-alpha-0.6\namelessengine\motionblurppe.hpp(102): warning C4244: 'argument': conversion from 'float' to 'GLint', possible loss of data
x:\newhdd\games\game development\c++\projects3\namelessengine-framework-alpha-0.6\namelessengine-framework-alpha-0.6\namelessengine\motionblurppe.hpp(101): warning C4244: 'argument': conversion from 'float' to 'GLint', possible loss of data
x:\newhdd\games\game development\c++\projects3\namelessengine-framework-alpha-0.6\namelessengine-framework-alpha-0.6\namelessengine\motionblurppe.hpp(100): warning C4244: 'argument': conversion from 'float' to 'GLint', possible loss of data
x:\newhdd\games\game development\c++\projects3\namelessengine-framework-alpha-0.6\namelessengine-framework-alpha-0.6\namelessengine\motionblurppe.hpp(99): warning C4244: 'argument': conversion from 'float' to 'GLint', possible loss of data
x:\newhdd\games\game development\c++\projects3\namelessengine-framework-alpha-0.6\namelessengine-framework-alpha-0.6\namelessengine\motionblurppe.hpp(98): warning C4244: 'argument': conversion from 'float' to 'GLint', possible loss of data
x:\newhdd\games\game development\c++\projects3\namelessengine-framework-alpha-0.6\namelessengine-framework-alpha-0.6\namelessengine\motionblurppe.hpp(160): warning C4244: 'argument': conversion from 'float' to 'GLint', possible loss of data
x:\newhdd\games\game development\c++\projects3\namelessengine-framework-alpha-0.6\namelessengine-framework-alpha-0.6\namelessengine\motionblurppe.hpp(159): warning C4244: 'argument': conversion from 'float' to 'GLint', possible loss of data
x:\newhdd\games\game development\c++\projects3\namelessengine-framework-alpha-0.6\namelessengine-framework-alpha-0.6\namelessengine\motionblurppe.hpp(158): warning C4244: 'argument': conversion from 'float' to 'GLint', possible loss of data
x:\newhdd\games\game development\c++\projects3\namelessengine-framework-alpha-0.6\namelessengine-framework-alpha-0.6\namelessengine\motionblurppe.hpp(157): warning C4244: 'argument': conversion from 'float' to 'GLint', possible loss of data
x:\newhdd\games\game development\c++\projects3\namelessengine-framework-alpha-0.6\namelessengine-framework-alpha-0.6\namelessengine\motionblurppe.hpp(156): warning C4244: 'argument': conversion from 'float' to 'GLint', possible loss of data
x:\newhdd\games\game development\c++\projects3\namelessengine-framework-alpha-0.6\namelessengine-framework-alpha-0.6\namelessengine\motionblurppe.hpp(155): warning C4244: 'argument': conversion from 'float' to 'GLint', possible loss of data
x:\newhdd\games\game development\c++\projects3\namelessengine-framework-alpha-0.6\namelessengine-framework-alpha-0.6\namelessengine\motionblurppe.hpp(154): warning C4244: 'argument': conversion from 'float' to 'GLint', possible loss of data
x:\newhdd\games\game development\c++\projects3\namelessengine-framework-alpha-0.6\namelessengine-framework-alpha-0.6\namelessengine\motionblurppe.hpp(153): warning C4244: 'argument': conversion from 'float' to 'GLint', possible loss of data
x:\newhdd\games\game development\c++\projects3\namelessengine-framework-alpha-0.6\namelessengine-framework-alpha-0.6\namelessengine\cockpitcontroller.hpp(78): warning C4244: 'initializing': conversion from 'double' to 'float', possible loss of data
x:\newhdd\games\game development\c++\projects3\namelessengine-framework-alpha-0.6\namelessengine-framework-alpha-0.6\namelessengine\cockpitcontroller.hpp(79): warning C4244: 'initializing': conversion from 'double' to 'float', possible loss of data
x:\newhdd\games\game development\c++\projects3\namelessengine-framework-alpha-0.6\namelessengine-framework-alpha-0.6\namelessengine\cockpitcontroller.hpp(80): warning C4244: 'initializing': conversion from 'double' to 'float', possible loss of data
x:\newhdd\games\game development\c++\projects3\namelessengine-framework-alpha-0.6\namelessengine-framework-alpha-0.6\namelessengine\cockpitcontroller.hpp(335): warning C4244: '=': conversion from 'double' to 'float', possible loss of data
x:\newhdd\games\game development\c++\projects3\namelessengine-framework-alpha-0.6\namelessengine-framework-alpha-0.6\namelessengine\cockpitcontroller.hpp(336): warning C4244: '=': conversion from 'double' to 'float', possible loss of data
x:\newhdd\games\game development\c++\projects3\namelessengine-framework-alpha-0.6\namelessengine-framework-alpha-0.6\namelessengine\cockpitcontroller.hpp(337): warning C4244: '=': conversion from 'double' to 'float', possible loss of data
x:\newhdd\games\game development\c++\projects3\namelessengine-framework-alpha-0.6\namelessengine-framework-alpha-0.6\namelessengine\cockpitcontroller.hpp(353): warning C4244: 'initializing': conversion from 'double' to 'float', possible loss of data
x:\newhdd\games\game development\c++\projects3\namelessengine-framework-alpha-0.6\namelessengine-framework-alpha-0.6\namelessengine\cockpitcontroller.hpp(354): warning C4244: '=': conversion from 'double' to 'float', possible loss of data
x:\newhdd\games\game development\c++\projects3\namelessengine-framework-alpha-0.6\namelessengine-framework-alpha-0.6\namelessengine\cockpitcontroller.hpp(355): warning C4244: '=': conversion from 'double' to 'float', possible loss of data
x:\newhdd\games\game development\c++\projects3\namelessengine-framework-alpha-0.6\namelessengine-framework-alpha-0.6\namelessengine\cockpitcontroller.hpp(356): warning C4244: '=': conversion from 'double' to 'float', possible loss of data
x:\newhdd\games\game development\c++\projects3\namelessengine-framework-alpha-0.6\namelessengine-framework-alpha-0.6\namelessengine\gausianblurpostprocessingeffect.hpp(33): warning C4244: 'argument': conversion from 'float' to 'GLsizei', possible loss of data
x:\newhdd\games\game development\c++\projects3\namelessengine-framework-alpha-0.6\namelessengine-framework-alpha-0.6\namelessengine\gausianblurpostprocessingeffect.hpp(32): warning C4244: 'argument': conversion from 'float' to 'GLsizei', possible loss of data
x:\newhdd\games\game development\c++\projects3\namelessengine-framework-alpha-0.6\namelessengine-framework-alpha-0.6\namelessengine\gausianblurpostprocessingeffect.hpp(76): warning C4244: 'argument': conversion from 'float' to 'GLint', possible loss of data
x:\newhdd\games\game development\c++\projects3\namelessengine-framework-alpha-0.6\namelessengine-framework-alpha-0.6\namelessengine\gausianblurpostprocessingeffect.hpp(75): warning C4244: 'argument': conversion from 'float' to 'GLint', possible loss of data
x:\newhdd\games\game development\c++\projects3\namelessengine-framework-alpha-0.6\namelessengine-framework-alpha-0.6\namelessengine\gausianblurpostprocessingeffect.hpp(72): warning C4244: 'argument': conversion from 'float' to 'GLint', possible loss of data
x:\newhdd\games\game development\c++\projects3\namelessengine-framework-alpha-0.6\namelessengine-framework-alpha-0.6\namelessengine\gausianblurpostprocessingeffect.hpp(71): warning C4244: 'argument': conversion from 'float' to 'GLint', possible loss of data
x:\newhdd\games\game development\c++\projects3\namelessengine-framework-alpha-0.6\namelessengine-framework-alpha-0.6\namelessengine\gausianblurpostprocessingeffect.hpp(86): warning C4018: '<': signed/unsigned mismatch
x:\newhdd\games\game development\c++\projects3\namelessengine-framework-alpha-0.6\namelessengine-framework-alpha-0.6\namelessengine\gausianblurpostprocessingeffect.hpp(125): warning C4244: 'argument': conversion from 'float' to 'GLint', possible loss of data
x:\newhdd\games\game development\c++\projects3\namelessengine-framework-alpha-0.6\namelessengine-framework-alpha-0.6\namelessengine\gausianblurpostprocessingeffect.hpp(124): warning C4244: 'argument': conversion from 'float' to 'GLint', possible loss of data
x:\newhdd\games\game development\c++\projects3\namelessengine-framework-alpha-0.6\namelessengine-framework-alpha-0.6\namelessengine\gausianblurpostprocessingeffect.hpp(122): warning C4244: 'argument': conversion from 'float' to 'GLint', possible loss of data
x:\newhdd\games\game development\c++\projects3\namelessengine-framework-alpha-0.6\namelessengine-framework-alpha-0.6\namelessengine\gausianblurpostprocessingeffect.hpp(121): warning C4244: 'argument': conversion from 'float' to 'GLint', possible loss of data
x:\newhdd\games\game development\c++\projects3\namelessengine-framework-alpha-0.6\namelessengine-framework-alpha-0.6\namelessengine\nightvisionppe.hpp(28): warning C4244: 'argument': conversion from 'float' to 'GLsizei', possible loss of data
x:\newhdd\games\game development\c++\projects3\namelessengine-framework-alpha-0.6\namelessengine-framework-alpha-0.6\namelessengine\nightvisionppe.hpp(27): warning C4244: 'argument': conversion from 'float' to 'GLsizei', possible loss of data
x:\newhdd\games\game development\c++\projects3\namelessengine-framework-alpha-0.6\namelessengine-framework-alpha-0.6\namelessengine\nightvisionppe.hpp(48): warning C4244: 'argument': conversion from 'float' to 'GLsizei', possible loss of data
x:\newhdd\games\game development\c++\projects3\namelessengine-framework-alpha-0.6\namelessengine-framework-alpha-0.6\namelessengine\nightvisionppe.hpp(47): warning C4244: 'argument': conversion from 'float' to 'GLsizei', possible loss of data
x:\newhdd\games\game development\c++\projects3\namelessengine-framework-alpha-0.6\namelessengine-framework-alpha-0.6\namelessengine\nightvisionppe.hpp(104): warning C4244: 'argument': conversion from 'float' to 'GLint', possible loss of data
x:\newhdd\games\game development\c++\projects3\namelessengine-framework-alpha-0.6\namelessengine-framework-alpha-0.6\namelessengine\nightvisionppe.hpp(103): warning C4244: 'argument': conversion from 'float' to 'GLint', possible loss of data
x:\newhdd\games\game development\c++\projects3\namelessengine-framework-alpha-0.6\namelessengine-framework-alpha-0.6\namelessengine\nightvisionppe.hpp(102): warning C4244: 'argument': conversion from 'float' to 'GLint', possible loss of data
x:\newhdd\games\game development\c++\projects3\namelessengine-framework-alpha-0.6\namelessengine-framework-alpha-0.6\namelessengine\nightvisionppe.hpp(101): warning C4244: 'argument': conversion from 'float' to 'GLint', possible loss of data
x:\newhdd\games\game development\c++\projects3\namelessengine-framework-alpha-0.6\namelessengine-framework-alpha-0.6\namelessengine\nightvisionppe.hpp(100): warning C4244: 'argument': conversion from 'float' to 'GLint', possible loss of data
x:\newhdd\games\game development\c++\projects3\namelessengine-framework-alpha-0.6\namelessengine-framework-alpha-0.6\namelessengine\nightvisionppe.hpp(99): warning C4244: 'argument': conversion from 'float' to 'GLint', possible loss of data
x:\newhdd\games\game development\c++\projects3\namelessengine-framework-alpha-0.6\namelessengine-framework-alpha-0.6\namelessengine\nightvisionppe.hpp(98): warning C4244: 'argument': conversion from 'float' to 'GLint', possible loss of data
x:\newhdd\games\game development\c++\projects3\namelessengine-framework-alpha-0.6\namelessengine-framework-alpha-0.6\namelessengine\nightvisionppe.hpp(97): warning C4244: 'argument': conversion from 'float' to 'GLint', possible loss of data
x:\newhdd\games\game development\c++\projects3\namelessengine-framework-alpha-0.6\namelessengine-framework-alpha-0.6\namelessengine\nightvisionppe.hpp(157): warning C4244: 'argument': conversion from 'float' to 'GLint', possible loss of data
x:\newhdd\games\game development\c++\projects3\namelessengine-framework-alpha-0.6\namelessengine-framework-alpha-0.6\namelessengine\nightvisionppe.hpp(156): warning C4244: 'argument': conversion from 'float' to 'GLint', possible loss of data
x:\newhdd\games\game development\c++\projects3\namelessengine-framework-alpha-0.6\namelessengine-framework-alpha-0.6\namelessengine\nightvisionppe.hpp(155): warning C4244: 'argument': conversion from 'float' to 'GLint', possible loss of data
x:\newhdd\games\game development\c++\projects3\namelessengine-framework-alpha-0.6\namelessengine-framework-alpha-0.6\namelessengine\nightvisionppe.hpp(154): warning C4244: 'argument': conversion from 'float' to 'GLint', possible loss of data
x:\newhdd\games\game development\c++\projects3\namelessengine-framework-alpha-0.6\namelessengine-framework-alpha-0.6\namelessengine\nightvisionppe.hpp(153): warning C4244: 'argument': conversion from 'float' to 'GLint', possible loss of data
x:\newhdd\games\game development\c++\projects3\namelessengine-framework-alpha-0.6\namelessengine-framework-alpha-0.6\namelessengine\nightvisionppe.hpp(152): warning C4244: 'argument': conversion from 'float' to 'GLint', possible loss of data
x:\newhdd\games\game development\c++\projects3\namelessengine-framework-alpha-0.6\namelessengine-framework-alpha-0.6\namelessengine\nightvisionppe.hpp(151): warning C4244: 'argument': conversion from 'float' to 'GLint', possible loss of data
x:\newhdd\games\game development\c++\projects3\namelessengine-framework-alpha-0.6\namelessengine-framework-alpha-0.6\namelessengine\nightvisionppe.hpp(150): warning C4244: 'argument': conversion from 'float' to 'GLint', possible loss of data
x:\newhdd\games\game development\c++\projects3\namelessengine-framework-alpha-0.6\namelessengine-framework-alpha-0.6\namelessengine\main.cpp(78): warning C4305: 'argument': truncation from 'double' to 'GLfloat'
x:\newhdd\games\game development\c++\projects3\namelessengine-framework-alpha-0.6\namelessengine-framework-alpha-0.6\namelessengine\main.cpp(79): warning C4305: 'argument': truncation from 'double' to 'GLfloat'
x:\newhdd\games\game development\c++\projects3\namelessengine-framework-alpha-0.6\namelessengine-framework-alpha-0.6\namelessengine\main.cpp(164): warning C4129: '(': unrecognized character escape sequence
x:\newhdd\games\game development\c++\projects3\namelessengine-framework-alpha-0.6\namelessengine-framework-alpha-0.6\namelessengine\main.cpp(428): warning C4244: '=': conversion from 'int' to 'float', possible loss of data
x:\newhdd\games\game development\c++\projects3\namelessengine-framework-alpha-0.6\namelessengine-framework-alpha-0.6\namelessengine\main.cpp(429): warning C4244: '=': conversion from 'int' to 'float', possible loss of data
x:\newhdd\games\game development\c++\projects3\namelessengine-framework-alpha-0.6\namelessengine-framework-alpha-0.6\namelessengine\main.cpp(430): warning C4244: '=': conversion from 'int' to 'float', possible loss of data
x:\newhdd\games\game development\c++\projects3\namelessengine-framework-alpha-0.6\namelessengine-framework-alpha-0.6\namelessengine\main.cpp(445): warning C4244: '=': conversion from 'int' to 'float', possible loss of data
x:\newhdd\games\game development\c++\projects3\namelessengine-framework-alpha-0.6\namelessengine-framework-alpha-0.6\namelessengine\main.cpp(446): warning C4244: '=': conversion from 'int' to 'float', possible loss of data
x:\newhdd\games\game development\c++\projects3\namelessengine-framework-alpha-0.6\namelessengine-framework-alpha-0.6\namelessengine\main.cpp(447): warning C4244: '=': conversion from 'int' to 'float', possible loss of data
x:\newhdd\games\game development\c++\projects3\namelessengine-framework-alpha-0.6\namelessengine-framework-alpha-0.6\namelessengine\main.cpp(462): warning C4244: '=': conversion from 'int' to 'float', possible loss of data
x:\newhdd\games\game development\c++\projects3\namelessengine-framework-alpha-0.6\namelessengine-framework-alpha-0.6\namelessengine\main.cpp(463): warning C4244: '=': conversion from 'int' to 'float', possible loss of data
x:\newhdd\games\game development\c++\projects3\namelessengine-framework-alpha-0.6\namelessengine-framework-alpha-0.6\namelessengine\main.cpp(464): warning C4244: '=': conversion from 'int' to 'float', possible loss of data
  MaterialObj.cpp
x:\newhdd\games\game development\c++\projects3\namelessengine-framework-alpha-0.6\namelessengine-framework-alpha-0.6\namelessengine\namelesscore.hpp(64): warning C4091: 'static ': ignored on left of 'const _NL::Core::GLSL_AU' when no variable is declared
x:\newhdd\games\game development\c++\projects3\namelessengine-framework-alpha-0.6\namelessengine-framework-alpha-0.6\namelessengine\namelesscore.hpp(271): warning C4244: 'argument': conversion from 'GLfloat' to 'GLsizei', possible loss of data
x:\newhdd\games\game development\c++\projects3\namelessengine-framework-alpha-0.6\namelessengine-framework-alpha-0.6\namelessengine\namelesscore.hpp(271): warning C4244: 'argument': conversion from 'GLfloat' to 'GLint', possible loss of data
  MeshObj.cpp
x:\newhdd\games\game development\c++\projects3\namelessengine-framework-alpha-0.6\namelessengine-framework-alpha-0.6\namelessengine\namelesscore.hpp(64): warning C4091: 'static ': ignored on left of 'const _NL::Core::GLSL_AU' when no variable is declared
x:\newhdd\games\game development\c++\projects3\namelessengine-framework-alpha-0.6\namelessengine-framework-alpha-0.6\namelessengine\namelesscore.hpp(271): warning C4244: 'argument': conversion from 'GLfloat' to 'GLsizei', possible loss of data
x:\newhdd\games\game development\c++\projects3\namelessengine-framework-alpha-0.6\namelessengine-framework-alpha-0.6\namelessengine\namelesscore.hpp(271): warning C4244: 'argument': conversion from 'GLfloat' to 'GLint', possible loss of data
  MeshRenderer.cpp
x:\newhdd\games\game development\c++\projects3\namelessengine-framework-alpha-0.6\namelessengine-framework-alpha-0.6\namelessengine\namelesscore.hpp(64): warning C4091: 'static ': ignored on left of 'const _NL::Core::GLSL_AU' when no variable is declared
x:\newhdd\games\game development\c++\projects3\namelessengine-framework-alpha-0.6\namelessengine-framework-alpha-0.6\namelessengine\namelesscore.hpp(271): warning C4244: 'argument': conversion from 'GLfloat' to 'GLsizei', possible loss of data
x:\newhdd\games\game development\c++\projects3\namelessengine-framework-alpha-0.6\namelessengine-framework-alpha-0.6\namelessengine\namelesscore.hpp(271): warning C4244: 'argument': conversion from 'GLfloat' to 'GLint', possible loss of data
x:\newhdd\games\game development\c++\projects3\namelessengine-framework-alpha-0.6\namelessengine-framework-alpha-0.6\namelessengine\meshrenderer.cpp(133): warning C4244: 'argument': conversion from 'float' to 'const unsigned __int64', possible loss of data
x:\newhdd\games\game development\c++\projects3\namelessengine-framework-alpha-0.6\namelessengine-framework-alpha-0.6\namelessengine\meshrenderer.cpp(134): warning C4244: 'argument': conversion from 'float' to 'const unsigned __int64', possible loss of data
x:\newhdd\games\game development\c++\projects3\namelessengine-framework-alpha-0.6\namelessengine-framework-alpha-0.6\namelessengine\meshrenderer.cpp(135): warning C4244: 'argument': conversion from 'float' to 'const unsigned __int64', possible loss of data
x:\newhdd\games\game development\c++\projects3\namelessengine-framework-alpha-0.6\namelessengine-framework-alpha-0.6\namelessengine\meshrenderer.cpp(136): warning C4244: 'argument': conversion from 'float' to 'const unsigned __int64', possible loss of data
x:\newhdd\games\game development\c++\projects3\namelessengine-framework-alpha-0.6\namelessengine-framework-alpha-0.6\namelessengine\meshrenderer.cpp(137): warning C4244: 'argument': conversion from 'float' to 'const unsigned __int64', possible loss of data
x:\newhdd\games\game development\c++\projects3\namelessengine-framework-alpha-0.6\namelessengine-framework-alpha-0.6\namelessengine\meshrenderer.cpp(138): warning C4244: 'argument': conversion from 'float' to 'const unsigned __int64', possible loss of data
x:\newhdd\games\game development\c++\projects3\namelessengine-framework-alpha-0.6\namelessengine-framework-alpha-0.6\namelessengine\meshrenderer.cpp(143): warning C4244: 'argument': conversion from 'float' to 'const unsigned __int64', possible loss of data
x:\newhdd\games\game development\c++\projects3\namelessengine-framework-alpha-0.6\namelessengine-framework-alpha-0.6\namelessengine\meshrenderer.cpp(144): warning C4244: 'argument': conversion from 'float' to 'const unsigned __int64', possible loss of data
x:\newhdd\games\game development\c++\projects3\namelessengine-framework-alpha-0.6\namelessengine-framework-alpha-0.6\namelessengine\meshrenderer.cpp(145): warning C4244: 'argument': conversion from 'float' to 'const unsigned __int64', possible loss of data
x:\newhdd\games\game development\c++\projects3\namelessengine-framework-alpha-0.6\namelessengine-framework-alpha-0.6\namelessengine\meshrenderer.cpp(146): warning C4244: 'argument': conversion from 'float' to 'const unsigned __int64', possible loss of data
x:\newhdd\games\game development\c++\projects3\namelessengine-framework-alpha-0.6\namelessengine-framework-alpha-0.6\namelessengine\meshrenderer.cpp(147): warning C4244: 'argument': conversion from 'float' to 'const unsigned __int64', possible loss of data
x:\newhdd\games\game development\c++\projects3\namelessengine-framework-alpha-0.6\namelessengine-framework-alpha-0.6\namelessengine\meshrenderer.cpp(148): warning C4244: 'argument': conversion from 'float' to 'const unsigned __int64', possible loss of data
x:\newhdd\games\game development\c++\projects3\namelessengine-framework-alpha-0.6\namelessengine-framework-alpha-0.6\namelessengine\meshrenderer.cpp(152): warning C4244: 'argument': conversion from 'float' to 'const unsigned __int64', possible loss of data
x:\newhdd\games\game development\c++\projects3\namelessengine-framework-alpha-0.6\namelessengine-framework-alpha-0.6\namelessengine\meshrenderer.cpp(153): warning C4244: 'argument': conversion from 'float' to 'const unsigned __int64', possible loss of data
x:\newhdd\games\game development\c++\projects3\namelessengine-framework-alpha-0.6\namelessengine-framework-alpha-0.6\namelessengine\meshrenderer.cpp(157): warning C4244: 'argument': conversion from 'float' to 'const unsigned __int64', possible loss of data
x:\newhdd\games\game development\c++\projects3\namelessengine-framework-alpha-0.6\namelessengine-framework-alpha-0.6\namelessengine\meshrenderer.cpp(158): warning C4244: 'argument': conversion from 'float' to 'const unsigned __int64', possible loss of data
x:\newhdd\games\game development\c++\projects3\namelessengine-framework-alpha-0.6\namelessengine-framework-alpha-0.6\namelessengine\meshrenderer.cpp(159): warning C4244: 'argument': conversion from 'float' to 'const unsigned __int64', possible loss of data
x:\newhdd\games\game development\c++\projects3\namelessengine-framework-alpha-0.6\namelessengine-framework-alpha-0.6\namelessengine\meshrenderer.cpp(160): warning C4244: 'argument': conversion from 'float' to 'const unsigned __int64', possible loss of data
x:\newhdd\games\game development\c++\projects3\namelessengine-framework-alpha-0.6\namelessengine-framework-alpha-0.6\namelessengine\meshrenderer.cpp(161): warning C4244: 'argument': conversion from 'float' to 'const unsigned __int64', possible loss of data
x:\newhdd\games\game development\c++\projects3\namelessengine-framework-alpha-0.6\namelessengine-framework-alpha-0.6\namelessengine\meshrenderer.cpp(162): warning C4244: 'argument': conversion from 'float' to 'const unsigned __int64', possible loss of data
x:\newhdd\games\game development\c++\projects3\namelessengine-framework-alpha-0.6\namelessengine-framework-alpha-0.6\namelessengine\meshrenderer.cpp(166): warning C4244: 'argument': conversion from 'float' to 'const unsigned __int64', possible loss of data
x:\newhdd\games\game development\c++\projects3\namelessengine-framework-alpha-0.6\namelessengine-framework-alpha-0.6\namelessengine\meshrenderer.cpp(167): warning C4244: 'argument': conversion from 'float' to 'const unsigned __int64', possible loss of data
x:\newhdd\games\game development\c++\projects3\namelessengine-framework-alpha-0.6\namelessengine-framework-alpha-0.6\namelessengine\meshrenderer.cpp(171): warning C4244: 'argument': conversion from 'float' to 'const unsigned __int64', possible loss of data
x:\newhdd\games\game development\c++\projects3\namelessengine-framework-alpha-0.6\namelessengine-framework-alpha-0.6\namelessengine\meshrenderer.cpp(172): warning C4244: 'argument': conversion from 'float' to 'const unsigned __int64', possible loss of data
x:\newhdd\games\game development\c++\projects3\namelessengine-framework-alpha-0.6\namelessengine-framework-alpha-0.6\namelessengine\meshrenderer.cpp(173): warning C4244: 'argument': conversion from 'float' to 'const unsigned __int64', possible loss of data
x:\newhdd\games\game development\c++\projects3\namelessengine-framework-alpha-0.6\namelessengine-framework-alpha-0.6\namelessengine\meshrenderer.cpp(174): warning C4244: 'argument': conversion from 'float' to 'const unsigned __int64', possible loss of data
x:\newhdd\games\game development\c++\projects3\namelessengine-framework-alpha-0.6\namelessengine-framework-alpha-0.6\namelessengine\meshrenderer.cpp(175): warning C4244: 'argument': conversion from 'float' to 'const unsigned __int64', possible loss of data
x:\newhdd\games\game development\c++\projects3\namelessengine-framework-alpha-0.6\namelessengine-framework-alpha-0.6\namelessengine\meshrenderer.cpp(176): warning C4244: 'argument': conversion from 'float' to 'const unsigned __int64', possible loss of data
x:\newhdd\games\game development\c++\projects3\namelessengine-framework-alpha-0.6\namelessengine-framework-alpha-0.6\namelessengine\meshrenderer.cpp(180): warning C4244: 'argument': conversion from 'float' to 'const unsigned __int64', possible loss of data
x:\newhdd\games\game development\c++\projects3\namelessengine-framework-alpha-0.6\namelessengine-framework-alpha-0.6\namelessengine\meshrenderer.cpp(181): warning C4244: 'argument': conversion from 'float' to 'const unsigned __int64', possible loss of data
  MotionBlurPPE.hpp
x:\newhdd\games\game development\c++\projects3\namelessengine-framework-alpha-0.6\namelessengine-framework-alpha-0.6\namelessengine\namelesscore.hpp(64): warning C4091: 'static ': ignored on left of 'const _NL::Core::GLSL_AU' when no variable is declared
x:\newhdd\games\game development\c++\projects3\namelessengine-framework-alpha-0.6\namelessengine-framework-alpha-0.6\namelessengine\namelesscore.hpp(271): warning C4244: 'argument': conversion from 'GLfloat' to 'GLsizei', possible loss of data
x:\newhdd\games\game development\c++\projects3\namelessengine-framework-alpha-0.6\namelessengine-framework-alpha-0.6\namelessengine\namelesscore.hpp(271): warning C4244: 'argument': conversion from 'GLfloat' to 'GLint', possible loss of data
x:\newhdd\games\game development\c++\projects3\namelessengine-framework-alpha-0.6\namelessengine-framework-alpha-0.6\namelessengine\cameraobj.h(95): warning C4305: 'initializing': truncation from 'double' to 'GLfloat'
x:\newhdd\games\game development\c++\projects3\namelessengine-framework-alpha-0.6\namelessengine-framework-alpha-0.6\namelessengine\worldspace.h(8): warning C4067: unexpected tokens following preprocessor directive - expected a newline
x:\newhdd\games\game development\c++\projects3\namelessengine-framework-alpha-0.6\namelessengine-framework-alpha-0.6\namelessengine\motionblurppe.hpp(30): warning C4244: 'argument': conversion from 'float' to 'GLsizei', possible loss of data
x:\newhdd\games\game development\c++\projects3\namelessengine-framework-alpha-0.6\namelessengine-framework-alpha-0.6\namelessengine\motionblurppe.hpp(29): warning C4244: 'argument': conversion from 'float' to 'GLsizei', possible loss of data
x:\newhdd\games\game development\c++\projects3\namelessengine-framework-alpha-0.6\namelessengine-framework-alpha-0.6\namelessengine\motionblurppe.hpp(50): warning C4244: 'argument': conversion from 'float' to 'GLsizei', possible loss of data
x:\newhdd\games\game development\c++\projects3\namelessengine-framework-alpha-0.6\namelessengine-framework-alpha-0.6\namelessengine\motionblurppe.hpp(49): warning C4244: 'argument': conversion from 'float' to 'GLsizei', possible loss of data
x:\newhdd\games\game development\c++\projects3\namelessengine-framework-alpha-0.6\namelessengine-framework-alpha-0.6\namelessengine\motionblurppe.hpp(105): warning C4244: 'argument': conversion from 'float' to 'GLint', possible loss of data
x:\newhdd\games\game development\c++\projects3\namelessengine-framework-alpha-0.6\namelessengine-framework-alpha-0.6\namelessengine\motionblurppe.hpp(104): warning C4244: 'argument': conversion from 'float' to 'GLint', possible loss of data
x:\newhdd\games\game development\c++\projects3\namelessengine-framework-alpha-0.6\namelessengine-framework-alpha-0.6\namelessengine\motionblurppe.hpp(103): warning C4244: 'argument': conversion from 'float' to 'GLint', possible loss of data
x:\newhdd\games\game development\c++\projects3\namelessengine-framework-alpha-0.6\namelessengine-framework-alpha-0.6\namelessengine\motionblurppe.hpp(102): warning C4244: 'argument': conversion from 'float' to 'GLint', possible loss of data
x:\newhdd\games\game development\c++\projects3\namelessengine-framework-alpha-0.6\namelessengine-framework-alpha-0.6\namelessengine\motionblurppe.hpp(101): warning C4244: 'argument': conversion from 'float' to 'GLint', possible loss of data
x:\newhdd\games\game development\c++\projects3\namelessengine-framework-alpha-0.6\namelessengine-framework-alpha-0.6\namelessengine\motionblurppe.hpp(100): warning C4244: 'argument': conversion from 'float' to 'GLint', possible loss of data
x:\newhdd\games\game development\c++\projects3\namelessengine-framework-alpha-0.6\namelessengine-framework-alpha-0.6\namelessengine\motionblurppe.hpp(99): warning C4244: 'argument': conversion from 'float' to 'GLint', possible loss of data
x:\newhdd\games\game development\c++\projects3\namelessengine-framework-alpha-0.6\namelessengine-framework-alpha-0.6\namelessengine\motionblurppe.hpp(98): warning C4244: 'argument': conversion from 'float' to 'GLint', possible loss of data
x:\newhdd\games\game development\c++\projects3\namelessengine-framework-alpha-0.6\namelessengine-framework-alpha-0.6\namelessengine\motionblurppe.hpp(160): warning C4244: 'argument': conversion from 'float' to 'GLint', possible loss of data
x:\newhdd\games\game development\c++\projects3\namelessengine-framework-alpha-0.6\namelessengine-framework-alpha-0.6\namelessengine\motionblurppe.hpp(159): warning C4244: 'argument': conversion from 'float' to 'GLint', possible loss of data
x:\newhdd\games\game development\c++\projects3\namelessengine-framework-alpha-0.6\namelessengine-framework-alpha-0.6\namelessengine\motionblurppe.hpp(158): warning C4244: 'argument': conversion from 'float' to 'GLint', possible loss of data
x:\newhdd\games\game development\c++\projects3\namelessengine-framework-alpha-0.6\namelessengine-framework-alpha-0.6\namelessengine\motionblurppe.hpp(157): warning C4244: 'argument': conversion from 'float' to 'GLint', possible loss of data
x:\newhdd\games\game development\c++\projects3\namelessengine-framework-alpha-0.6\namelessengine-framework-alpha-0.6\namelessengine\motionblurppe.hpp(156): warning C4244: 'argument': conversion from 'float' to 'GLint', possible loss of data
x:\newhdd\games\game development\c++\projects3\namelessengine-framework-alpha-0.6\namelessengine-framework-alpha-0.6\namelessengine\motionblurppe.hpp(155): warning C4244: 'argument': conversion from 'float' to 'GLint', possible loss of data
x:\newhdd\games\game development\c++\projects3\namelessengine-framework-alpha-0.6\namelessengine-framework-alpha-0.6\namelessengine\motionblurppe.hpp(154): warning C4244: 'argument': conversion from 'float' to 'GLint', possible loss of data
x:\newhdd\games\game development\c++\projects3\namelessengine-framework-alpha-0.6\namelessengine-framework-alpha-0.6\namelessengine\motionblurppe.hpp(153): warning C4244: 'argument': conversion from 'float' to 'GLint', possible loss of data
  MTLfileReader.cpp
x:\newhdd\games\game development\c++\projects3\namelessengine-framework-alpha-0.6\namelessengine-framework-alpha-0.6\namelessengine\namelesscore.hpp(64): warning C4091: 'static ': ignored on left of 'const _NL::Core::GLSL_AU' when no variable is declared
x:\newhdd\games\game development\c++\projects3\namelessengine-framework-alpha-0.6\namelessengine-framework-alpha-0.6\namelessengine\namelesscore.hpp(271): warning C4244: 'argument': conversion from 'GLfloat' to 'GLsizei', possible loss of data
x:\newhdd\games\game development\c++\projects3\namelessengine-framework-alpha-0.6\namelessengine-framework-alpha-0.6\namelessengine\namelesscore.hpp(271): warning C4244: 'argument': conversion from 'GLfloat' to 'GLint', possible loss of data
x:\newhdd\games\game development\c++\projects3\namelessengine-framework-alpha-0.6\namelessengine-framework-alpha-0.6\namelessengine\mtlfilereader.cpp(15): warning C4996: 'fopen': This function or variable may be unsafe. Consider using fopen_s instead. To disable deprecation, use _CRT_SECURE_NO_WARNINGS. See online help for details.
  c:\program files (x86)\windows kits\10\include\10.0.15063.0\ucrt\stdio.h(207): note: see declaration of 'fopen'
x:\newhdd\games\game development\c++\projects3\namelessengine-framework-alpha-0.6\namelessengine-framework-alpha-0.6\namelessengine\mtlfilereader.cpp(22): warning C4996: 'fscanf': This function or variable may be unsafe. Consider using fscanf_s instead. To disable deprecation, use _CRT_SECURE_NO_WARNINGS. See online help for details.
  c:\program files (x86)\windows kits\10\include\10.0.15063.0\ucrt\stdio.h(1195): note: see declaration of 'fscanf'
x:\newhdd\games\game development\c++\projects3\namelessengine-framework-alpha-0.6\namelessengine-framework-alpha-0.6\namelessengine\mtlfilereader.cpp(68): warning C4477: 'fscanf' : format string '%s' requires an argument of type 'char *', but variadic argument 1 has type 'const char *'
x:\newhdd\games\game development\c++\projects3\namelessengine-framework-alpha-0.6\namelessengine-framework-alpha-0.6\namelessengine\mtlfilereader.cpp(68): warning C4996: 'fscanf': This function or variable may be unsafe. Consider using fscanf_s instead. To disable deprecation, use _CRT_SECURE_NO_WARNINGS. See online help for details.
  c:\program files (x86)\windows kits\10\include\10.0.15063.0\ucrt\stdio.h(1195): note: see declaration of 'fscanf'
  OBJfileReader.cpp
x:\newhdd\games\game development\c++\projects3\namelessengine-framework-alpha-0.6\namelessengine-framework-alpha-0.6\namelessengine\namelesscore.hpp(64): warning C4091: 'static ': ignored on left of 'const _NL::Core::GLSL_AU' when no variable is declared
x:\newhdd\games\game development\c++\projects3\namelessengine-framework-alpha-0.6\namelessengine-framework-alpha-0.6\namelessengine\namelesscore.hpp(271): warning C4244: 'argument': conversion from 'GLfloat' to 'GLsizei', possible loss of data
x:\newhdd\games\game development\c++\projects3\namelessengine-framework-alpha-0.6\namelessengine-framework-alpha-0.6\namelessengine\namelesscore.hpp(271): warning C4244: 'argument': conversion from 'GLfloat' to 'GLint', possible loss of data
x:\newhdd\games\game development\c++\projects3\namelessengine-framework-alpha-0.6\namelessengine-framework-alpha-0.6\namelessengine\objfilereader.cpp(23): warning C4996: 'fopen': This function or variable may be unsafe. Consider using fopen_s instead. To disable deprecation, use _CRT_SECURE_NO_WARNINGS. See online help for details.
  c:\program files (x86)\windows kits\10\include\10.0.15063.0\ucrt\stdio.h(207): note: see declaration of 'fopen'
x:\newhdd\games\game development\c++\projects3\namelessengine-framework-alpha-0.6\namelessengine-framework-alpha-0.6\namelessengine\objfilereader.cpp(30): warning C4996: 'fscanf': This function or variable may be unsafe. Consider using fscanf_s instead. To disable deprecation, use _CRT_SECURE_NO_WARNINGS. See online help for details.
  c:\program files (x86)\windows kits\10\include\10.0.15063.0\ucrt\stdio.h(1195): note: see declaration of 'fscanf'
x:\newhdd\games\game development\c++\projects3\namelessengine-framework-alpha-0.6\namelessengine-framework-alpha-0.6\namelessengine\objfilereader.cpp(38): warning C4996: 'fscanf': This function or variable may be unsafe. Consider using fscanf_s instead. To disable deprecation, use _CRT_SECURE_NO_WARNINGS. See online help for details.
  c:\program files (x86)\windows kits\10\include\10.0.15063.0\ucrt\stdio.h(1195): note: see declaration of 'fscanf'
x:\newhdd\games\game development\c++\projects3\namelessengine-framework-alpha-0.6\namelessengine-framework-alpha-0.6\namelessengine\objfilereader.cpp(50): warning C4996: 'fscanf': This function or variable may be unsafe. Consider using fscanf_s instead. To disable deprecation, use _CRT_SECURE_NO_WARNINGS. See online help for details.
  c:\program files (x86)\windows kits\10\include\10.0.15063.0\ucrt\stdio.h(1195): note: see declaration of 'fscanf'
x:\newhdd\games\game development\c++\projects3\namelessengine-framework-alpha-0.6\namelessengine-framework-alpha-0.6\namelessengine\objfilereader.cpp(79): warning C4996: 'fscanf': This function or variable may be unsafe. Consider using fscanf_s instead. To disable deprecation, use _CRT_SECURE_NO_WARNINGS. See online help for details.
  c:\program files (x86)\windows kits\10\include\10.0.15063.0\ucrt\stdio.h(1195): note: see declaration of 'fscanf'
x:\newhdd\games\game development\c++\projects3\namelessengine-framework-alpha-0.6\namelessengine-framework-alpha-0.6\namelessengine\objfilereader.cpp(87): warning C4996: 'fscanf': This function or variable may be unsafe. Consider using fscanf_s instead. To disable deprecation, use _CRT_SECURE_NO_WARNINGS. See online help for details.
  c:\program files (x86)\windows kits\10\include\10.0.15063.0\ucrt\stdio.h(1195): note: see declaration of 'fscanf'
  ParticleObj.cpp
x:\newhdd\games\game development\c++\projects3\namelessengine-framework-alpha-0.6\namelessengine-framework-alpha-0.6\namelessengine\namelesscore.hpp(64): warning C4091: 'static ': ignored on left of 'const _NL::Core::GLSL_AU' when no variable is declared
x:\newhdd\games\game development\c++\projects3\namelessengine-framework-alpha-0.6\namelessengine-framework-alpha-0.6\namelessengine\namelesscore.hpp(271): warning C4244: 'argument': conversion from 'GLfloat' to 'GLsizei', possible loss of data
x:\newhdd\games\game development\c++\projects3\namelessengine-framework-alpha-0.6\namelessengine-framework-alpha-0.6\namelessengine\namelesscore.hpp(271): warning C4244: 'argument': conversion from 'GLfloat' to 'GLint', possible loss of data
  ParticleSystem.cpp
x:\newhdd\games\game development\c++\projects3\namelessengine-framework-alpha-0.6\namelessengine-framework-alpha-0.6\namelessengine\namelesscore.hpp(64): warning C4091: 'static ': ignored on left of 'const _NL::Core::GLSL_AU' when no variable is declared
x:\newhdd\games\game development\c++\projects3\namelessengine-framework-alpha-0.6\namelessengine-framework-alpha-0.6\namelessengine\namelesscore.hpp(271): warning C4244: 'argument': conversion from 'GLfloat' to 'GLsizei', possible loss of data
x:\newhdd\games\game development\c++\projects3\namelessengine-framework-alpha-0.6\namelessengine-framework-alpha-0.6\namelessengine\namelesscore.hpp(271): warning C4244: 'argument': conversion from 'GLfloat' to 'GLint', possible loss of data
x:\newhdd\games\game development\c++\projects3\namelessengine-framework-alpha-0.6\namelessengine-framework-alpha-0.6\namelessengine\cameraobj.h(95): warning C4305: 'initializing': truncation from 'double' to 'GLfloat'
x:\newhdd\games\game development\c++\projects3\namelessengine-framework-alpha-0.6\namelessengine-framework-alpha-0.6\namelessengine\worldspace.h(8): warning C4067: unexpected tokens following preprocessor directive - expected a newline
x:\newhdd\games\game development\c++\projects3\namelessengine-framework-alpha-0.6\namelessengine-framework-alpha-0.6\namelessengine\particlesystem.cpp(111): warning C4267: 'initializing': conversion from 'size_t' to 'GLuint', possible loss of data
  NLphysxCollider.cpp
  NLphysxRigidBody.cpp
x:\newhdd\games\game development\c++\projects3\namelessengine-framework-alpha-0.6\namelessengine-framework-alpha-0.6\namelessengine\namelesscore.hpp(64): warning C4091: 'static ': ignored on left of 'const _NL::Core::GLSL_AU' when no variable is declared
x:\newhdd\games\game development\c++\projects3\namelessengine-framework-alpha-0.6\namelessengine-framework-alpha-0.6\namelessengine\namelesscore.hpp(271): warning C4244: 'argument': conversion from 'GLfloat' to 'GLsizei', possible loss of data
x:\newhdd\games\game development\c++\projects3\namelessengine-framework-alpha-0.6\namelessengine-framework-alpha-0.6\namelessengine\namelesscore.hpp(271): warning C4244: 'argument': conversion from 'GLfloat' to 'GLint', possible loss of data
  ShaderObj.cpp
x:\newhdd\games\game development\c++\projects3\namelessengine-framework-alpha-0.6\namelessengine-framework-alpha-0.6\namelessengine\namelesscore.hpp(64): warning C4091: 'static ': ignored on left of 'const _NL::Core::GLSL_AU' when no variable is declared
x:\newhdd\games\game development\c++\projects3\namelessengine-framework-alpha-0.6\namelessengine-framework-alpha-0.6\namelessengine\namelesscore.hpp(271): warning C4244: 'argument': conversion from 'GLfloat' to 'GLsizei', possible loss of data
x:\newhdd\games\game development\c++\projects3\namelessengine-framework-alpha-0.6\namelessengine-framework-alpha-0.6\namelessengine\namelesscore.hpp(271): warning C4244: 'argument': conversion from 'GLfloat' to 'GLint', possible loss of data
  ShaderWizard.cpp
  Generating Code...
x:\newhdd\games\game development\c++\projects3\namelessengine-framework-alpha-0.6\namelessengine-framework-alpha-0.6\namelessengine\worldspace.h(80): warning C4172: returning address of local variable or temporary: CopyObj
x:\newhdd\games\game development\c++\projects3\namelessengine-framework-alpha-0.6\namelessengine-framework-alpha-0.6\namelessengine\mtlfilereader.cpp(75): warning C4715: '_NL::Tools::MTLfileReader::LOAD': not all control paths return a value
  Compiling...
  NL_Time.cpp
  SkyboxObj.cpp
x:\newhdd\games\game development\c++\projects3\namelessengine-framework-alpha-0.6\namelessengine-framework-alpha-0.6\namelessengine\namelesscore.hpp(64): warning C4091: 'static ': ignored on left of 'const _NL::Core::GLSL_AU' when no variable is declared
x:\newhdd\games\game development\c++\projects3\namelessengine-framework-alpha-0.6\namelessengine-framework-alpha-0.6\namelessengine\namelesscore.hpp(271): warning C4244: 'argument': conversion from 'GLfloat' to 'GLsizei', possible loss of data
x:\newhdd\games\game development\c++\projects3\namelessengine-framework-alpha-0.6\namelessengine-framework-alpha-0.6\namelessengine\namelesscore.hpp(271): warning C4244: 'argument': conversion from 'GLfloat' to 'GLint', possible loss of data
x:\newhdd\games\game development\c++\projects3\namelessengine-framework-alpha-0.6\namelessengine-framework-alpha-0.6\namelessengine\skyboxobj.cpp(177): warning C4244: 'initializing': conversion from 'double' to 'GLuint', possible loss of data
x:\newhdd\games\game development\c++\projects3\namelessengine-framework-alpha-0.6\namelessengine-framework-alpha-0.6\namelessengine\skyboxobj.cpp(178): warning C4244: 'initializing': conversion from 'double' to 'GLuint', possible loss of data
x:\newhdd\games\game development\c++\projects3\namelessengine-framework-alpha-0.6\namelessengine-framework-alpha-0.6\namelessengine\skyboxobj.cpp(184): warning C4244: 'argument': conversion from 'GLuint' to 'GLfloat', possible loss of data
  TextureInstance.cpp
x:\newhdd\games\game development\c++\projects3\namelessengine-framework-alpha-0.6\namelessengine-framework-alpha-0.6\namelessengine\namelesscore.hpp(64): warning C4091: 'static ': ignored on left of 'const _NL::Core::GLSL_AU' when no variable is declared
x:\newhdd\games\game development\c++\projects3\namelessengine-framework-alpha-0.6\namelessengine-framework-alpha-0.6\namelessengine\namelesscore.hpp(271): warning C4244: 'argument': conversion from 'GLfloat' to 'GLsizei', possible loss of data
x:\newhdd\games\game development\c++\projects3\namelessengine-framework-alpha-0.6\namelessengine-framework-alpha-0.6\namelessengine\namelesscore.hpp(271): warning C4244: 'argument': conversion from 'GLfloat' to 'GLint', possible loss of data
  TextureLoader.cpp
x:\newhdd\games\game development\c++\projects3\namelessengine-framework-alpha-0.6\namelessengine-framework-alpha-0.6\namelessengine\namelesscore.hpp(64): warning C4091: 'static ': ignored on left of 'const _NL::Core::GLSL_AU' when no variable is declared
x:\newhdd\games\game development\c++\projects3\namelessengine-framework-alpha-0.6\namelessengine-framework-alpha-0.6\namelessengine\namelesscore.hpp(271): warning C4244: 'argument': conversion from 'GLfloat' to 'GLsizei', possible loss of data
x:\newhdd\games\game development\c++\projects3\namelessengine-framework-alpha-0.6\namelessengine-framework-alpha-0.6\namelessengine\namelesscore.hpp(271): warning C4244: 'argument': conversion from 'GLfloat' to 'GLint', possible loss of data
x:\newhdd\games\game development\c++\projects3\namelessengine-framework-alpha-0.6\namelessengine-framework-alpha-0.6\namelessengine\textureloader.cpp(63): warning C4267: 'argument': conversion from 'size_t' to 'GLsizei', possible loss of data
  Transform.cpp
x:\newhdd\games\game development\c++\projects3\namelessengine-framework-alpha-0.6\namelessengine-framework-alpha-0.6\namelessengine\namelesscore.hpp(64): warning C4091: 'static ': ignored on left of 'const _NL::Core::GLSL_AU' when no variable is declared
x:\newhdd\games\game development\c++\projects3\namelessengine-framework-alpha-0.6\namelessengine-framework-alpha-0.6\namelessengine\namelesscore.hpp(271): warning C4244: 'argument': conversion from 'GLfloat' to 'GLsizei', possible loss of data
x:\newhdd\games\game development\c++\projects3\namelessengine-framework-alpha-0.6\namelessengine-framework-alpha-0.6\namelessengine\namelesscore.hpp(271): warning C4244: 'argument': conversion from 'GLfloat' to 'GLint', possible loss of data
  NLManager.cpp
x:\newhdd\games\game development\c++\projects3\namelessengine-framework-alpha-0.6\namelessengine-framework-alpha-0.6\namelessengine\namelesscore.hpp(64): warning C4091: 'static ': ignored on left of 'const _NL::Core::GLSL_AU' when no variable is declared
x:\newhdd\games\game development\c++\projects3\namelessengine-framework-alpha-0.6\namelessengine-framework-alpha-0.6\namelessengine\namelesscore.hpp(271): warning C4244: 'argument': conversion from 'GLfloat' to 'GLsizei', possible loss of data
x:\newhdd\games\game development\c++\projects3\namelessengine-framework-alpha-0.6\namelessengine-framework-alpha-0.6\namelessengine\namelesscore.hpp(271): warning C4244: 'argument': conversion from 'GLfloat' to 'GLint', possible loss of data
x:\newhdd\games\game development\c++\projects3\namelessengine-framework-alpha-0.6\namelessengine-framework-alpha-0.6\namelessengine\cameraobj.h(95): warning C4305: 'initializing': truncation from 'double' to 'GLfloat'
x:\newhdd\games\game development\c++\projects3\namelessengine-framework-alpha-0.6\namelessengine-framework-alpha-0.6\namelessengine\worldspace.h(8): warning C4067: unexpected tokens following preprocessor directive - expected a newline
x:\newhdd\games\game development\c++\projects3\namelessengine-framework-alpha-0.6\namelessengine-framework-alpha-0.6\namelessengine\nlmanager.cpp(11): warning C4244: 'argument': conversion from 'int' to 'GLfloat', possible loss of data
x:\newhdd\games\game development\c++\projects3\namelessengine-framework-alpha-0.6\namelessengine-framework-alpha-0.6\namelessengine\nlmanager.cpp(17): warning C4244: 'argument': conversion from 'int' to 'GLfloat', possible loss of data
x:\newhdd\games\game development\c++\projects3\namelessengine-framework-alpha-0.6\namelessengine-framework-alpha-0.6\namelessengine\nlmanager.cpp(34): warning C4244: 'argument': conversion from 'GLfloat' to 'unsigned int', possible loss of data
x:\newhdd\games\game development\c++\projects3\namelessengine-framework-alpha-0.6\namelessengine-framework-alpha-0.6\namelessengine\nlmanager.cpp(39): warning C4244: 'argument': conversion from 'GLfloat' to 'unsigned int', possible loss of data
x:\newhdd\games\game development\c++\projects3\namelessengine-framework-alpha-0.6\namelessengine-framework-alpha-0.6\namelessengine\nlmanager.cpp(399): warning C4312: 'type cast': conversion from 'GLsizei' to 'void *' of greater size
x:\newhdd\games\game development\c++\projects3\namelessengine-framework-alpha-0.6\namelessengine-framework-alpha-0.6\namelessengine\nlmanager.cpp(401): warning C4312: 'type cast': conversion from 'GLsizei' to 'void *' of greater size
x:\newhdd\games\game development\c++\projects3\namelessengine-framework-alpha-0.6\namelessengine-framework-alpha-0.6\namelessengine\nlmanager.cpp(403): warning C4312: 'type cast': conversion from 'GLsizei' to 'void *' of greater size
x:\newhdd\games\game development\c++\projects3\namelessengine-framework-alpha-0.6\namelessengine-framework-alpha-0.6\namelessengine\nlmanager.cpp(405): warning C4312: 'type cast': conversion from 'GLsizei' to 'void *' of greater size
x:\newhdd\games\game development\c++\projects3\namelessengine-framework-alpha-0.6\namelessengine-framework-alpha-0.6\namelessengine\nlmanager.cpp(470): warning C4267: 'argument': conversion from 'size_t' to 'GLsizei', possible loss of data
  UICanvas.cpp
x:\newhdd\games\game development\c++\projects3\namelessengine-framework-alpha-0.6\namelessengine-framework-alpha-0.6\namelessengine\namelesscore.hpp(64): warning C4091: 'static ': ignored on left of 'const _NL::Core::GLSL_AU' when no variable is declared
x:\newhdd\games\game development\c++\projects3\namelessengine-framework-alpha-0.6\namelessengine-framework-alpha-0.6\namelessengine\namelesscore.hpp(271): warning C4244: 'argument': conversion from 'GLfloat' to 'GLsizei', possible loss of data
x:\newhdd\games\game development\c++\projects3\namelessengine-framework-alpha-0.6\namelessengine-framework-alpha-0.6\namelessengine\namelesscore.hpp(271): warning C4244: 'argument': conversion from 'GLfloat' to 'GLint', possible loss of data
x:\newhdd\games\game development\c++\projects3\namelessengine-framework-alpha-0.6\namelessengine-framework-alpha-0.6\namelessengine\cameraobj.h(95): warning C4305: 'initializing': truncation from 'double' to 'GLfloat'
  UIImage.cpp
x:\newhdd\games\game development\c++\projects3\namelessengine-framework-alpha-0.6\namelessengine-framework-alpha-0.6\namelessengine\namelesscore.hpp(64): warning C4091: 'static ': ignored on left of 'const _NL::Core::GLSL_AU' when no variable is declared
x:\newhdd\games\game development\c++\projects3\namelessengine-framework-alpha-0.6\namelessengine-framework-alpha-0.6\namelessengine\namelesscore.hpp(271): warning C4244: 'argument': conversion from 'GLfloat' to 'GLsizei', possible loss of data
x:\newhdd\games\game development\c++\projects3\namelessengine-framework-alpha-0.6\namelessengine-framework-alpha-0.6\namelessengine\namelesscore.hpp(271): warning C4244: 'argument': conversion from 'GLfloat' to 'GLint', possible loss of data
x:\newhdd\games\game development\c++\projects3\namelessengine-framework-alpha-0.6\namelessengine-framework-alpha-0.6\namelessengine\cameraobj.h(95): warning C4305: 'initializing': truncation from 'double' to 'GLfloat'
  UIText.cpp
x:\newhdd\games\game development\c++\projects3\namelessengine-framework-alpha-0.6\namelessengine-framework-alpha-0.6\namelessengine\namelesscore.hpp(64): warning C4091: 'static ': ignored on left of 'const _NL::Core::GLSL_AU' when no variable is declared
x:\newhdd\games\game development\c++\projects3\namelessengine-framework-alpha-0.6\namelessengine-framework-alpha-0.6\namelessengine\namelesscore.hpp(271): warning C4244: 'argument': conversion from 'GLfloat' to 'GLsizei', possible loss of data
x:\newhdd\games\game development\c++\projects3\namelessengine-framework-alpha-0.6\namelessengine-framework-alpha-0.6\namelessengine\namelesscore.hpp(271): warning C4244: 'argument': conversion from 'GLfloat' to 'GLint', possible loss of data
x:\newhdd\games\game development\c++\projects3\namelessengine-framework-alpha-0.6\namelessengine-framework-alpha-0.6\namelessengine\uitext.cpp(35): warning C4244: 'argument': conversion from 'float' to 'sf::Uint8', possible loss of data
x:\newhdd\games\game development\c++\projects3\namelessengine-framework-alpha-0.6\namelessengine-framework-alpha-0.6\namelessengine\uitext.cpp(36): warning C4244: 'argument': conversion from 'float' to 'sf::Uint8', possible loss of data
  WorldSpace.cpp
x:\newhdd\games\game development\c++\projects3\namelessengine-framework-alpha-0.6\namelessengine-framework-alpha-0.6\namelessengine\namelesscore.hpp(64): warning C4091: 'static ': ignored on left of 'const _NL::Core::GLSL_AU' when no variable is declared
x:\newhdd\games\game development\c++\projects3\namelessengine-framework-alpha-0.6\namelessengine-framework-alpha-0.6\namelessengine\namelesscore.hpp(271): warning C4244: 'argument': conversion from 'GLfloat' to 'GLsizei', possible loss of data
x:\newhdd\games\game development\c++\projects3\namelessengine-framework-alpha-0.6\namelessengine-framework-alpha-0.6\namelessengine\namelesscore.hpp(271): warning C4244: 'argument': conversion from 'GLfloat' to 'GLint', possible loss of data
x:\newhdd\games\game development\c++\projects3\namelessengine-framework-alpha-0.6\namelessengine-framework-alpha-0.6\namelessengine\cameraobj.h(95): warning C4305: 'initializing': truncation from 'double' to 'GLfloat'
x:\newhdd\games\game development\c++\projects3\namelessengine-framework-alpha-0.6\namelessengine-framework-alpha-0.6\namelessengine\worldspace.h(8): warning C4067: unexpected tokens following preprocessor directive - expected a newline
  XMLfileReader.cpp
x:\newhdd\games\game development\c++\projects3\namelessengine-framework-alpha-0.6\namelessengine-framework-alpha-0.6\namelessengine\namelesscore.hpp(64): warning C4091: 'static ': ignored on left of 'const _NL::Core::GLSL_AU' when no variable is declared
x:\newhdd\games\game development\c++\projects3\namelessengine-framework-alpha-0.6\namelessengine-framework-alpha-0.6\namelessengine\namelesscore.hpp(271): warning C4244: 'argument': conversion from 'GLfloat' to 'GLsizei', possible loss of data
x:\newhdd\games\game development\c++\projects3\namelessengine-framework-alpha-0.6\namelessengine-framework-alpha-0.6\namelessengine\namelesscore.hpp(271): warning C4244: 'argument': conversion from 'GLfloat' to 'GLint', possible loss of data
x:\newhdd\games\game development\c++\projects3\namelessengine-framework-alpha-0.6\namelessengine-framework-alpha-0.6\namelessengine\xmlfilereader.cpp(8): warning C4114: same type qualifier used more than once
x:\newhdd\games\game development\c++\projects3\namelessengine-framework-alpha-0.6\namelessengine-framework-alpha-0.6\namelessengine\xmlfilereader.cpp(40): warning C4305: 'argument': truncation from 'int' to 'const char'
x:\newhdd\games\game development\c++\projects3\namelessengine-framework-alpha-0.6\namelessengine-framework-alpha-0.6\namelessengine\xmlfilereader.cpp(40): warning C4309: 'argument': truncation of constant value
  Generating Code...
sfml-graphics-d.lib(sfml-graphics-d-2.dll) : fatal error LNK1112: module machine type 'x86' conflicts with target machine type 'x64'
