x:\newhdd\games\game development\c++\projects3\namelessenginerepo\namelessengine\namelessengine\x64\debug\vc141.pdb
x:\newhdd\games\game development\c++\projects3\namelessenginerepo\namelessengine\namelessengine\x64\debug\vc141.idb
x:\newhdd\games\game development\c++\projects3\namelessenginerepo\namelessengine\namelessengine\x64\debug\gamemanager.obj
x:\newhdd\games\game development\c++\projects3\namelessenginerepo\namelessengine\namelessengine\x64\debug\audiosource.obj
x:\newhdd\games\game development\c++\projects3\namelessenginerepo\namelessengine\namelessengine\x64\debug\cameraobj.obj
x:\newhdd\games\game development\c++\projects3\namelessenginerepo\namelessengine\namelessengine\x64\debug\glerror.obj
x:\newhdd\games\game development\c++\projects3\namelessenginerepo\namelessengine\namelessengine\x64\debug\gameobject.obj
x:\newhdd\games\game development\c++\projects3\namelessenginerepo\namelessengine\namelessengine\x64\debug\lightobject.obj
x:\newhdd\games\game development\c++\projects3\namelessenginerepo\namelessengine\namelessengine\x64\debug\mtlfilereader.obj
x:\newhdd\games\game development\c++\projects3\namelessenginerepo\namelessengine\namelessengine\x64\debug\main.obj
x:\newhdd\games\game development\c++\projects3\namelessenginerepo\namelessengine\namelessengine\x64\debug\materialobj.obj
x:\newhdd\games\game development\c++\projects3\namelessenginerepo\namelessengine\namelessengine\x64\debug\meshobj.obj
x:\newhdd\games\game development\c++\projects3\namelessenginerepo\namelessengine\namelessengine\x64\debug\meshrenderer.obj
x:\newhdd\games\game development\c++\projects3\namelessenginerepo\namelessengine\namelessengine\x64\debug\nl_time.obj
x:\newhdd\games\game development\c++\projects3\namelessenginerepo\namelessengine\namelessengine\x64\debug\objfilereader.obj
x:\newhdd\games\game development\c++\projects3\namelessenginerepo\namelessengine\namelessengine\x64\debug\shaderobj.obj
x:\newhdd\games\game development\c++\projects3\namelessenginerepo\namelessengine\namelessengine\x64\debug\shaderwizard.obj
x:\newhdd\games\game development\c++\projects3\namelessenginerepo\namelessengine\namelessengine\x64\debug\skyboxobj.obj
x:\newhdd\games\game development\c++\projects3\namelessenginerepo\namelessengine\namelessengine\x64\debug\textureloader.obj
x:\newhdd\games\game development\c++\projects3\namelessenginerepo\namelessengine\namelessengine\x64\debug\transform.obj
x:\newhdd\games\game development\c++\projects3\namelessenginerepo\namelessengine\namelessengine\x64\debug\worldspace.obj
x:\newhdd\games\game development\c++\projects3\namelessenginerepo\namelessengine\namelessengine\x64\debug\namelessengine.tlog\cl.command.1.tlog
x:\newhdd\games\game development\c++\projects3\namelessenginerepo\namelessengine\namelessengine\x64\debug\namelessengine.tlog\cl.read.1.tlog
x:\newhdd\games\game development\c++\projects3\namelessenginerepo\namelessengine\namelessengine\x64\debug\namelessengine.tlog\cl.write.1.tlog
x:\newhdd\games\game development\c++\projects3\namelessenginerepo\namelessengine\namelessengine\x64\debug\namelessengine.tlog\link.command.1.tlog
x:\newhdd\games\game development\c++\projects3\namelessenginerepo\namelessengine\namelessengine\x64\debug\namelessengine.tlog\link.read.1.tlog
x:\newhdd\games\game development\c++\projects3\namelessenginerepo\namelessengine\namelessengine\x64\debug\namelessengine.tlog\link.write.1.tlog
