x:\newhdd\games\game development\c++\projects3\namelessenginerepo\namelessengine\namelessengine\debug\vc141.pdb
x:\newhdd\games\game development\c++\projects3\namelessenginerepo\namelessengine\namelessengine\debug\vc141.idb
x:\newhdd\games\game development\c++\projects3\namelessenginerepo\namelessengine\namelessengine\debug\gameobject.obj
x:\newhdd\games\game development\c++\projects3\namelessenginerepo\namelessengine\namelessengine\debug\glerror.obj
x:\newhdd\games\game development\c++\projects3\namelessenginerepo\namelessengine\namelessengine\debug\main.obj
x:\newhdd\games\game development\c++\projects3\namelessenginerepo\namelessengine\namelessengine\debug\meshrenderer.obj
x:\newhdd\games\game development\c++\projects3\namelessenginerepo\namelessengine\namelessengine\debug\objfilereader.obj
x:\newhdd\games\game development\c++\projects3\namelessenginerepo\namelessengine\namelessengine\debug\shaderwizard.obj
x:\newhdd\games\game development\c++\projects3\namelessenginerepo\namelessengine\namelessengine\debug\transform.obj
x:\newhdd\games\game development\c++\projects3\namelessenginerepo\namelessengine\namelessengine\debug\windowmanager.obj
x:\newhdd\games\game development\c++\projects3\namelessenginerepo\namelessengine\namelessengine\debug\worldspace.obj
x:\newhdd\games\game development\c++\projects3\namelessenginerepo\namelessengine\namelessengine\debug\cppscript.obj
x:\newhdd\games\game development\c++\projects3\namelessenginerepo\namelessengine\namelessengine\debug\meshobj.obj
x:\newhdd\games\game development\c++\projects3\namelessenginerepo\namelessengine\namelessengine\debug\shaderobj.obj
x:\newhdd\games\game development\c++\projects3\namelessenginerepo\namelessengine\namelessengine\debug\cameraobj.obj
x:\newhdd\games\game development\c++\projects3\namelessenginerepo\namelessengine\namelessengine\debug\main.obj.enc
x:\newhdd\games\game development\c++\projects3\namelessenginerepo\namelessengine\namelessengine\debug\shaderobj.obj.enc
x:\newhdd\games\game development\c++\projects3\namelessenginerepo\namelessengine\namelessengine\debug\shaderwizard.obj.enc
x:\newhdd\games\game development\c++\projects3\namelessenginerepo\namelessengine\debug\namelessengine.pdb
x:\newhdd\games\game development\c++\projects3\namelessenginerepo\namelessengine\namelessengine\debug\namelessengine.tlog\cl.command.1.tlog
x:\newhdd\games\game development\c++\projects3\namelessenginerepo\namelessengine\namelessengine\debug\namelessengine.tlog\cl.read.1.tlog
x:\newhdd\games\game development\c++\projects3\namelessenginerepo\namelessengine\namelessengine\debug\namelessengine.tlog\cl.write.1.tlog
x:\newhdd\games\game development\c++\projects3\namelessenginerepo\namelessengine\namelessengine\debug\namelessengine.tlog\link-cvtres.read.1.tlog
x:\newhdd\games\game development\c++\projects3\namelessenginerepo\namelessengine\namelessengine\debug\namelessengine.tlog\link-cvtres.write.1.tlog
x:\newhdd\games\game development\c++\projects3\namelessenginerepo\namelessengine\namelessengine\debug\namelessengine.tlog\link-rc.read.1.tlog
x:\newhdd\games\game development\c++\projects3\namelessenginerepo\namelessengine\namelessengine\debug\namelessengine.tlog\link-rc.write.1.tlog
x:\newhdd\games\game development\c++\projects3\namelessenginerepo\namelessengine\namelessengine\debug\namelessengine.tlog\link.4356-cvtres.read.1.tlog
x:\newhdd\games\game development\c++\projects3\namelessenginerepo\namelessengine\namelessengine\debug\namelessengine.tlog\link.4356-cvtres.write.1.tlog
x:\newhdd\games\game development\c++\projects3\namelessenginerepo\namelessengine\namelessengine\debug\namelessengine.tlog\link.4356-rc.read.1.tlog
x:\newhdd\games\game development\c++\projects3\namelessenginerepo\namelessengine\namelessengine\debug\namelessengine.tlog\link.4356-rc.write.1.tlog
x:\newhdd\games\game development\c++\projects3\namelessenginerepo\namelessengine\namelessengine\debug\namelessengine.tlog\link.4356.read.1.tlog
x:\newhdd\games\game development\c++\projects3\namelessenginerepo\namelessengine\namelessengine\debug\namelessengine.tlog\link.4356.write.1.tlog
x:\newhdd\games\game development\c++\projects3\namelessenginerepo\namelessengine\namelessengine\debug\namelessengine.tlog\link.command.1.tlog
x:\newhdd\games\game development\c++\projects3\namelessenginerepo\namelessengine\namelessengine\debug\namelessengine.tlog\link.read.1.tlog
x:\newhdd\games\game development\c++\projects3\namelessenginerepo\namelessengine\namelessengine\debug\namelessengine.tlog\link.write.1.tlog
