  AudioSource.cpp
x:\newhdd\games\game development\c++\projects3\namelessenginerepo\namelessengine\namelessengine\NamelessCore.h(4): fatal error C1083: Cannot open include file: 'GL\glew.h': No such file or directory
  CameraObj.cpp
x:\newhdd\games\game development\c++\projects3\namelessenginerepo\namelessengine\namelessengine\NamelessCore.h(4): fatal error C1083: Cannot open include file: 'GL\glew.h': No such file or directory
  GameObject.cpp
x:\newhdd\games\game development\c++\projects3\namelessenginerepo\namelessengine\namelessengine\NamelessCore.h(4): fatal error C1083: Cannot open include file: 'GL\glew.h': No such file or directory
  GLError.cpp
x:\newhdd\games\game development\c++\projects3\namelessenginerepo\namelessengine\namelessengine\GLError.h(3): fatal error C1083: Cannot open include file: 'GL\glew.h': No such file or directory
  LightObject.cpp
x:\newhdd\games\game development\c++\projects3\namelessenginerepo\namelessengine\namelessengine\NamelessCore.h(4): fatal error C1083: Cannot open include file: 'GL\glew.h': No such file or directory
  Main.cpp
x:\newhdd\games\game development\c++\projects3\namelessenginerepo\namelessengine\namelessengine\NamelessCore.h(4): fatal error C1083: Cannot open include file: 'GL\glew.h': No such file or directory
  MaterialObj.cpp
x:\newhdd\games\game development\c++\projects3\namelessenginerepo\namelessengine\namelessengine\NamelessCore.h(4): fatal error C1083: Cannot open include file: 'GL\glew.h': No such file or directory
  MeshObj.cpp
x:\newhdd\games\game development\c++\projects3\namelessenginerepo\namelessengine\namelessengine\NamelessCore.h(4): fatal error C1083: Cannot open include file: 'GL\glew.h': No such file or directory
  MeshRenderer.cpp
x:\newhdd\games\game development\c++\projects3\namelessenginerepo\namelessengine\namelessengine\NamelessCore.h(4): fatal error C1083: Cannot open include file: 'GL\glew.h': No such file or directory
  MTLfileReader.cpp
x:\newhdd\games\game development\c++\projects3\namelessenginerepo\namelessengine\namelessengine\NamelessCore.h(4): fatal error C1083: Cannot open include file: 'GL\glew.h': No such file or directory
  OBJfileReader.cpp
x:\newhdd\games\game development\c++\projects3\namelessenginerepo\namelessengine\namelessengine\NamelessCore.h(4): fatal error C1083: Cannot open include file: 'GL\glew.h': No such file or directory
  ShaderObj.cpp
x:\newhdd\games\game development\c++\projects3\namelessenginerepo\namelessengine\namelessengine\NamelessCore.h(4): fatal error C1083: Cannot open include file: 'GL\glew.h': No such file or directory
  ShaderWizard.cpp
x:\newhdd\games\game development\c++\projects3\namelessenginerepo\namelessengine\namelessengine\ShaderWizard.h(4): fatal error C1083: Cannot open include file: 'GL\glew.h': No such file or directory
  NL_Time.cpp
x:\newhdd\games\game development\c++\projects3\namelessenginerepo\namelessengine\namelessengine\NL_Time.h(2): fatal error C1083: Cannot open include file: 'SFML\System.hpp': No such file or directory
  SkyboxObj.cpp
x:\newhdd\games\game development\c++\projects3\namelessenginerepo\namelessengine\namelessengine\NamelessCore.h(4): fatal error C1083: Cannot open include file: 'GL\glew.h': No such file or directory
  TextureLoader.cpp
x:\newhdd\games\game development\c++\projects3\namelessenginerepo\namelessengine\namelessengine\NamelessCore.h(4): fatal error C1083: Cannot open include file: 'GL\glew.h': No such file or directory
  Transform.cpp
x:\newhdd\games\game development\c++\projects3\namelessenginerepo\namelessengine\namelessengine\NamelessCore.h(4): fatal error C1083: Cannot open include file: 'GL\glew.h': No such file or directory
  GameManager.cpp
x:\newhdd\games\game development\c++\projects3\namelessenginerepo\namelessengine\namelessengine\NamelessCore.h(4): fatal error C1083: Cannot open include file: 'GL\glew.h': No such file or directory
  WorldSpace.cpp
x:\newhdd\games\game development\c++\projects3\namelessenginerepo\namelessengine\namelessengine\NamelessCore.h(4): fatal error C1083: Cannot open include file: 'GL\glew.h': No such file or directory
